Determining if the pthread_create exist failed with the following output:
Change Dir: /home/robot/dd2419_ws/build/aruco_msgs/CMakeFiles/CMakeTmp

Run Build Command:"/usr/bin/make" "cmTC_2c672/fast"
/usr/bin/make -f CMakeFiles/cmTC_2c672.dir/build.make CMakeFiles/cmTC_2c672.dir/build
make[1]: Entering directory '/home/robot/dd2419_ws/build/aruco_msgs/CMakeFiles/CMakeTmp'
Building C object CMakeFiles/cmTC_2c672.dir/CheckSymbolExists.c.o
/usr/bin/cc    -o CMakeFiles/cmTC_2c672.dir/CheckSymbolExists.c.o   -c /home/robot/dd2419_ws/build/aruco_msgs/CMakeFiles/CMakeTmp/CheckSymbolExists.c
Linking C executable cmTC_2c672
/usr/bin/cmake -E cmake_link_script CMakeFiles/cmTC_2c672.dir/link.txt --verbose=1
/usr/bin/cc      -rdynamic CMakeFiles/cmTC_2c672.dir/CheckSymbolExists.c.o  -o cmTC_2c672 
CMakeFiles/cmTC_2c672.dir/CheckSymbolExists.c.o: In function `main':
CheckSymbolExists.c:(.text+0x1b): undefined reference to `pthread_create'
collect2: error: ld returned 1 exit status
CMakeFiles/cmTC_2c672.dir/build.make:97: recipe for target 'cmTC_2c672' failed
make[1]: *** [cmTC_2c672] Error 1
make[1]: Leaving directory '/home/robot/dd2419_ws/build/aruco_msgs/CMakeFiles/CMakeTmp'
Makefile:126: recipe for target 'cmTC_2c672/fast' failed
make: *** [cmTC_2c672/fast] Error 2

File /home/robot/dd2419_ws/build/aruco_msgs/CMakeFiles/CMakeTmp/CheckSymbolExists.c:
/* */
#include <pthread.h>

int main(int argc, char** argv)
{
  (void)argv;
#ifndef pthread_create
  return ((int*)(&pthread_create))[argc];
#else
  (void)argc;
  return 0;
#endif
}

Determining if the function pthread_create exists in the pthreads failed with the following output:
Change Dir: /home/robot/dd2419_ws/build/aruco_msgs/CMakeFiles/CMakeTmp

Run Build Command:"/usr/bin/make" "cmTC_980f7/fast"
/usr/bin/make -f CMakeFiles/cmTC_980f7.dir/build.make CMakeFiles/cmTC_980f7.dir/build
make[1]: Entering directory '/home/robot/dd2419_ws/build/aruco_msgs/CMakeFiles/CMakeTmp'
Building C object CMakeFiles/cmTC_980f7.dir/CheckFunctionExists.c.o
/usr/bin/cc   -DCHECK_FUNCTION_EXISTS=pthread_create   -o CMakeFiles/cmTC_980f7.dir/CheckFunctionExists.c.o   -c /usr/share/cmake-3.10/Modules/CheckFunctionExists.c
Linking C executable cmTC_980f7
/usr/bin/cmake -E cmake_link_script CMakeFiles/cmTC_980f7.dir/link.txt --verbose=1
/usr/bin/cc  -DCHECK_FUNCTION_EXISTS=pthread_create    -rdynamic CMakeFiles/cmTC_980f7.dir/CheckFunctionExists.c.o  -o cmTC_980f7 -lpthreads 
/usr/bin/ld: cannot find -lpthreads
collect2: error: ld returned 1 exit status
CMakeFiles/cmTC_980f7.dir/build.make:97: recipe for target 'cmTC_980f7' failed
make[1]: *** [cmTC_980f7] Error 1
make[1]: Leaving directory '/home/robot/dd2419_ws/build/aruco_msgs/CMakeFiles/CMakeTmp'
Makefile:126: recipe for target 'cmTC_980f7/fast' failed
make: *** [cmTC_980f7/fast] Error 2


