Determining if the pthread_create exist failed with the following output:
Change Dir: /home/robot/dd2419_ws/build/crazyflie_description/CMakeFiles/CMakeTmp

Run Build Command:"/usr/bin/make" "cmTC_b22fa/fast"
/usr/bin/make -f CMakeFiles/cmTC_b22fa.dir/build.make CMakeFiles/cmTC_b22fa.dir/build
make[1]: Entering directory '/home/robot/dd2419_ws/build/crazyflie_description/CMakeFiles/CMakeTmp'
Building C object CMakeFiles/cmTC_b22fa.dir/CheckSymbolExists.c.o
/usr/bin/cc    -o CMakeFiles/cmTC_b22fa.dir/CheckSymbolExists.c.o   -c /home/robot/dd2419_ws/build/crazyflie_description/CMakeFiles/CMakeTmp/CheckSymbolExists.c
Linking C executable cmTC_b22fa
/usr/bin/cmake -E cmake_link_script CMakeFiles/cmTC_b22fa.dir/link.txt --verbose=1
/usr/bin/cc      -rdynamic CMakeFiles/cmTC_b22fa.dir/CheckSymbolExists.c.o  -o cmTC_b22fa 
CMakeFiles/cmTC_b22fa.dir/CheckSymbolExists.c.o: In function `main':
CheckSymbolExists.c:(.text+0x1b): undefined reference to `pthread_create'
collect2: error: ld returned 1 exit status
CMakeFiles/cmTC_b22fa.dir/build.make:97: recipe for target 'cmTC_b22fa' failed
make[1]: *** [cmTC_b22fa] Error 1
make[1]: Leaving directory '/home/robot/dd2419_ws/build/crazyflie_description/CMakeFiles/CMakeTmp'
Makefile:126: recipe for target 'cmTC_b22fa/fast' failed
make: *** [cmTC_b22fa/fast] Error 2

File /home/robot/dd2419_ws/build/crazyflie_description/CMakeFiles/CMakeTmp/CheckSymbolExists.c:
/* */
#include <pthread.h>

int main(int argc, char** argv)
{
  (void)argv;
#ifndef pthread_create
  return ((int*)(&pthread_create))[argc];
#else
  (void)argc;
  return 0;
#endif
}

Determining if the function pthread_create exists in the pthreads failed with the following output:
Change Dir: /home/robot/dd2419_ws/build/crazyflie_description/CMakeFiles/CMakeTmp

Run Build Command:"/usr/bin/make" "cmTC_29ab2/fast"
/usr/bin/make -f CMakeFiles/cmTC_29ab2.dir/build.make CMakeFiles/cmTC_29ab2.dir/build
make[1]: Entering directory '/home/robot/dd2419_ws/build/crazyflie_description/CMakeFiles/CMakeTmp'
Building C object CMakeFiles/cmTC_29ab2.dir/CheckFunctionExists.c.o
/usr/bin/cc   -DCHECK_FUNCTION_EXISTS=pthread_create   -o CMakeFiles/cmTC_29ab2.dir/CheckFunctionExists.c.o   -c /usr/share/cmake-3.10/Modules/CheckFunctionExists.c
Linking C executable cmTC_29ab2
/usr/bin/cmake -E cmake_link_script CMakeFiles/cmTC_29ab2.dir/link.txt --verbose=1
/usr/bin/cc  -DCHECK_FUNCTION_EXISTS=pthread_create    -rdynamic CMakeFiles/cmTC_29ab2.dir/CheckFunctionExists.c.o  -o cmTC_29ab2 -lpthreads 
/usr/bin/ld: cannot find -lpthreads
collect2: error: ld returned 1 exit status
CMakeFiles/cmTC_29ab2.dir/build.make:97: recipe for target 'cmTC_29ab2' failed
make[1]: *** [cmTC_29ab2] Error 1
make[1]: Leaving directory '/home/robot/dd2419_ws/build/crazyflie_description/CMakeFiles/CMakeTmp'
Makefile:126: recipe for target 'cmTC_29ab2/fast' failed
make: *** [cmTC_29ab2/fast] Error 2


