Determining if the pthread_create exist failed with the following output:
Change Dir: /home/robot/dd2419_ws/build/crazyflie_driver/CMakeFiles/CMakeTmp

Run Build Command:"/usr/bin/make" "cmTC_cd794/fast"
/usr/bin/make -f CMakeFiles/cmTC_cd794.dir/build.make CMakeFiles/cmTC_cd794.dir/build
make[1]: Entering directory '/home/robot/dd2419_ws/build/crazyflie_driver/CMakeFiles/CMakeTmp'
Building C object CMakeFiles/cmTC_cd794.dir/CheckSymbolExists.c.o
/usr/bin/cc    -o CMakeFiles/cmTC_cd794.dir/CheckSymbolExists.c.o   -c /home/robot/dd2419_ws/build/crazyflie_driver/CMakeFiles/CMakeTmp/CheckSymbolExists.c
Linking C executable cmTC_cd794
/usr/bin/cmake -E cmake_link_script CMakeFiles/cmTC_cd794.dir/link.txt --verbose=1
/usr/bin/cc      -rdynamic CMakeFiles/cmTC_cd794.dir/CheckSymbolExists.c.o  -o cmTC_cd794 
CMakeFiles/cmTC_cd794.dir/CheckSymbolExists.c.o: In function `main':
CheckSymbolExists.c:(.text+0x1b): undefined reference to `pthread_create'
collect2: error: ld returned 1 exit status
CMakeFiles/cmTC_cd794.dir/build.make:97: recipe for target 'cmTC_cd794' failed
make[1]: *** [cmTC_cd794] Error 1
make[1]: Leaving directory '/home/robot/dd2419_ws/build/crazyflie_driver/CMakeFiles/CMakeTmp'
Makefile:126: recipe for target 'cmTC_cd794/fast' failed
make: *** [cmTC_cd794/fast] Error 2

File /home/robot/dd2419_ws/build/crazyflie_driver/CMakeFiles/CMakeTmp/CheckSymbolExists.c:
/* */
#include <pthread.h>

int main(int argc, char** argv)
{
  (void)argv;
#ifndef pthread_create
  return ((int*)(&pthread_create))[argc];
#else
  (void)argc;
  return 0;
#endif
}

Determining if the function pthread_create exists in the pthreads failed with the following output:
Change Dir: /home/robot/dd2419_ws/build/crazyflie_driver/CMakeFiles/CMakeTmp

Run Build Command:"/usr/bin/make" "cmTC_cbfbc/fast"
/usr/bin/make -f CMakeFiles/cmTC_cbfbc.dir/build.make CMakeFiles/cmTC_cbfbc.dir/build
make[1]: Entering directory '/home/robot/dd2419_ws/build/crazyflie_driver/CMakeFiles/CMakeTmp'
Building C object CMakeFiles/cmTC_cbfbc.dir/CheckFunctionExists.c.o
/usr/bin/cc   -DCHECK_FUNCTION_EXISTS=pthread_create   -o CMakeFiles/cmTC_cbfbc.dir/CheckFunctionExists.c.o   -c /usr/share/cmake-3.10/Modules/CheckFunctionExists.c
Linking C executable cmTC_cbfbc
/usr/bin/cmake -E cmake_link_script CMakeFiles/cmTC_cbfbc.dir/link.txt --verbose=1
/usr/bin/cc  -DCHECK_FUNCTION_EXISTS=pthread_create    -rdynamic CMakeFiles/cmTC_cbfbc.dir/CheckFunctionExists.c.o  -o cmTC_cbfbc -lpthreads 
/usr/bin/ld: cannot find -lpthreads
collect2: error: ld returned 1 exit status
CMakeFiles/cmTC_cbfbc.dir/build.make:97: recipe for target 'cmTC_cbfbc' failed
make[1]: *** [cmTC_cbfbc] Error 1
make[1]: Leaving directory '/home/robot/dd2419_ws/build/crazyflie_driver/CMakeFiles/CMakeTmp'
Makefile:126: recipe for target 'cmTC_cbfbc/fast' failed
make: *** [cmTC_cbfbc/fast] Error 2


