Symlinking /home/robot/dd2419_ws/devel/include/crazyflie_gazebo/crtpPacket.h
Symlinking /home/robot/dd2419_ws/devel/include/crazyflie_gazebo/AddCrazyflie.h
Symlinking /home/robot/dd2419_ws/devel/include/crazyflie_gazebo/TakeoffResponse.h
Symlinking /home/robot/dd2419_ws/devel/include/crazyflie_gazebo/Takeoff.h
Symlinking /home/robot/dd2419_ws/devel/include/crazyflie_gazebo/WindSpeed.h
Symlinking /home/robot/dd2419_ws/devel/include/crazyflie_gazebo/LandRequest.h
Symlinking /home/robot/dd2419_ws/devel/include/crazyflie_gazebo/Stop.h
Symlinking /home/robot/dd2419_ws/devel/include/crazyflie_gazebo/TrajectoryPolynomialPiece.h
Symlinking /home/robot/dd2419_ws/devel/include/crazyflie_gazebo/GoTo.h
Symlinking /home/robot/dd2419_ws/devel/include/crazyflie_gazebo/UploadTrajectoryResponse.h
Symlinking /home/robot/dd2419_ws/devel/include/crazyflie_gazebo/UploadTrajectoryRequest.h
Symlinking /home/robot/dd2419_ws/devel/include/crazyflie_gazebo/RemoveCrazyflieRequest.h
Symlinking /home/robot/dd2419_ws/devel/include/crazyflie_gazebo/UploadTrajectory.h
Symlinking /home/robot/dd2419_ws/devel/include/crazyflie_gazebo/Hover.h
Symlinking /home/robot/dd2419_ws/devel/include/crazyflie_gazebo/UpdateParamsRequest.h
Symlinking /home/robot/dd2419_ws/devel/include/crazyflie_gazebo/Position.h
Symlinking /home/robot/dd2419_ws/devel/include/crazyflie_gazebo/AddCrazyflieResponse.h
Symlinking /home/robot/dd2419_ws/devel/include/crazyflie_gazebo/GoToResponse.h
Symlinking /home/robot/dd2419_ws/devel/include/crazyflie_gazebo/sendPacket.h
Symlinking /home/robot/dd2419_ws/devel/include/crazyflie_gazebo/FullState.h
Symlinking /home/robot/dd2419_ws/devel/include/crazyflie_gazebo/AddCrazyflieRequest.h
Symlinking /home/robot/dd2419_ws/devel/include/crazyflie_gazebo/TakeoffRequest.h
Symlinking /home/robot/dd2419_ws/devel/include/crazyflie_gazebo/sendPacketRequest.h
Symlinking /home/robot/dd2419_ws/devel/include/crazyflie_gazebo/RemoveCrazyflieResponse.h
Symlinking /home/robot/dd2419_ws/devel/include/crazyflie_gazebo/StartTrajectory.h
Symlinking /home/robot/dd2419_ws/devel/include/crazyflie_gazebo/GenericLogData.h
Symlinking /home/robot/dd2419_ws/devel/include/crazyflie_gazebo/LandResponse.h
Symlinking /home/robot/dd2419_ws/devel/include/crazyflie_gazebo/SetGroupMask.h
Symlinking /home/robot/dd2419_ws/devel/include/crazyflie_gazebo/UpdateParamsResponse.h
Symlinking /home/robot/dd2419_ws/devel/include/crazyflie_gazebo/GoToRequest.h
Symlinking /home/robot/dd2419_ws/devel/include/crazyflie_gazebo/SetGroupMaskResponse.h
Symlinking /home/robot/dd2419_ws/devel/include/crazyflie_gazebo/RemoveCrazyflie.h
Symlinking /home/robot/dd2419_ws/devel/include/crazyflie_gazebo/StartTrajectoryRequest.h
Symlinking /home/robot/dd2419_ws/devel/include/crazyflie_gazebo/sendPacketResponse.h
Symlinking /home/robot/dd2419_ws/devel/include/crazyflie_gazebo/StartTrajectoryResponse.h
Symlinking /home/robot/dd2419_ws/devel/include/crazyflie_gazebo/UpdateParams.h
Symlinking /home/robot/dd2419_ws/devel/include/crazyflie_gazebo/LogBlock.h
Symlinking /home/robot/dd2419_ws/devel/include/crazyflie_gazebo/Land.h
Symlinking /home/robot/dd2419_ws/devel/include/crazyflie_gazebo/StopRequest.h
Symlinking /home/robot/dd2419_ws/devel/include/crazyflie_gazebo/StopResponse.h
Symlinking /home/robot/dd2419_ws/devel/include/crazyflie_gazebo/SetGroupMaskRequest.h
Symlinking /home/robot/dd2419_ws/devel/share/crazyflie_comm/cmake/crazyflie_commConfig.cmake
Symlinking /home/robot/dd2419_ws/devel/share/crazyflie_comm/cmake/crazyflie_commConfig-version.cmake
Symlinking /home/robot/dd2419_ws/devel/share/common-lisp/ros/crazyflie_gazebo/srv/_package_Land.lisp
Symlinking /home/robot/dd2419_ws/devel/share/common-lisp/ros/crazyflie_gazebo/srv/UpdateParams.lisp
Symlinking /home/robot/dd2419_ws/devel/share/common-lisp/ros/crazyflie_gazebo/srv/AddCrazyflie.lisp
Symlinking /home/robot/dd2419_ws/devel/share/common-lisp/ros/crazyflie_gazebo/srv/_package_UpdateParams.lisp
Symlinking /home/robot/dd2419_ws/devel/share/common-lisp/ros/crazyflie_gazebo/srv/_package_sendPacket.lisp
Symlinking /home/robot/dd2419_ws/devel/share/common-lisp/ros/crazyflie_gazebo/srv/_package_Takeoff.lisp
Symlinking /home/robot/dd2419_ws/devel/share/common-lisp/ros/crazyflie_gazebo/srv/crazyflie_gazebo-srv.asd
Symlinking /home/robot/dd2419_ws/devel/share/common-lisp/ros/crazyflie_gazebo/srv/GoTo.lisp
Symlinking /home/robot/dd2419_ws/devel/share/common-lisp/ros/crazyflie_gazebo/srv/_package_UploadTrajectory.lisp
Symlinking /home/robot/dd2419_ws/devel/share/common-lisp/ros/crazyflie_gazebo/srv/sendPacket.lisp
Symlinking /home/robot/dd2419_ws/devel/share/common-lisp/ros/crazyflie_gazebo/srv/Takeoff.lisp
Symlinking /home/robot/dd2419_ws/devel/share/common-lisp/ros/crazyflie_gazebo/srv/Stop.lisp
Symlinking /home/robot/dd2419_ws/devel/share/common-lisp/ros/crazyflie_gazebo/srv/_package_RemoveCrazyflie.lisp
Symlinking /home/robot/dd2419_ws/devel/share/common-lisp/ros/crazyflie_gazebo/srv/_package_Stop.lisp
Symlinking /home/robot/dd2419_ws/devel/share/common-lisp/ros/crazyflie_gazebo/srv/_package_AddCrazyflie.lisp
Symlinking /home/robot/dd2419_ws/devel/share/common-lisp/ros/crazyflie_gazebo/srv/_package_SetGroupMask.lisp
Symlinking /home/robot/dd2419_ws/devel/share/common-lisp/ros/crazyflie_gazebo/srv/_package_GoTo.lisp
Symlinking /home/robot/dd2419_ws/devel/share/common-lisp/ros/crazyflie_gazebo/srv/_package_StartTrajectory.lisp
Symlinking /home/robot/dd2419_ws/devel/share/common-lisp/ros/crazyflie_gazebo/srv/Land.lisp
Symlinking /home/robot/dd2419_ws/devel/share/common-lisp/ros/crazyflie_gazebo/srv/_package.lisp
Symlinking /home/robot/dd2419_ws/devel/share/common-lisp/ros/crazyflie_gazebo/srv/StartTrajectory.lisp
Symlinking /home/robot/dd2419_ws/devel/share/common-lisp/ros/crazyflie_gazebo/srv/SetGroupMask.lisp
Symlinking /home/robot/dd2419_ws/devel/share/common-lisp/ros/crazyflie_gazebo/srv/UploadTrajectory.lisp
Symlinking /home/robot/dd2419_ws/devel/share/common-lisp/ros/crazyflie_gazebo/srv/RemoveCrazyflie.lisp
Symlinking /home/robot/dd2419_ws/devel/share/common-lisp/ros/crazyflie_gazebo/msg/TrajectoryPolynomialPiece.lisp
Symlinking /home/robot/dd2419_ws/devel/share/common-lisp/ros/crazyflie_gazebo/msg/_package_GenericLogData.lisp
Symlinking /home/robot/dd2419_ws/devel/share/common-lisp/ros/crazyflie_gazebo/msg/_package_FullState.lisp
Symlinking /home/robot/dd2419_ws/devel/share/common-lisp/ros/crazyflie_gazebo/msg/crazyflie_gazebo-msg.asd
Symlinking /home/robot/dd2419_ws/devel/share/common-lisp/ros/crazyflie_gazebo/msg/_package_LogBlock.lisp
Symlinking /home/robot/dd2419_ws/devel/share/common-lisp/ros/crazyflie_gazebo/msg/LogBlock.lisp
Symlinking /home/robot/dd2419_ws/devel/share/common-lisp/ros/crazyflie_gazebo/msg/_package_TrajectoryPolynomialPiece.lisp
Symlinking /home/robot/dd2419_ws/devel/share/common-lisp/ros/crazyflie_gazebo/msg/FullState.lisp
Symlinking /home/robot/dd2419_ws/devel/share/common-lisp/ros/crazyflie_gazebo/msg/Hover.lisp
Symlinking /home/robot/dd2419_ws/devel/share/common-lisp/ros/crazyflie_gazebo/msg/_package_Position.lisp
Symlinking /home/robot/dd2419_ws/devel/share/common-lisp/ros/crazyflie_gazebo/msg/WindSpeed.lisp
Symlinking /home/robot/dd2419_ws/devel/share/common-lisp/ros/crazyflie_gazebo/msg/_package_crtpPacket.lisp
Symlinking /home/robot/dd2419_ws/devel/share/common-lisp/ros/crazyflie_gazebo/msg/crtpPacket.lisp
Symlinking /home/robot/dd2419_ws/devel/share/common-lisp/ros/crazyflie_gazebo/msg/_package_WindSpeed.lisp
Symlinking /home/robot/dd2419_ws/devel/share/common-lisp/ros/crazyflie_gazebo/msg/_package.lisp
Symlinking /home/robot/dd2419_ws/devel/share/common-lisp/ros/crazyflie_gazebo/msg/Position.lisp
Symlinking /home/robot/dd2419_ws/devel/share/common-lisp/ros/crazyflie_gazebo/msg/_package_Hover.lisp
Symlinking /home/robot/dd2419_ws/devel/share/common-lisp/ros/crazyflie_gazebo/msg/GenericLogData.lisp
Symlinking /home/robot/dd2419_ws/devel/share/crazyflie_gazebo/cmake/crazyflie_gazeboConfig-version.cmake
Symlinking /home/robot/dd2419_ws/devel/share/crazyflie_gazebo/cmake/crazyflie_gazebo-msg-paths.cmake
Symlinking /home/robot/dd2419_ws/devel/share/crazyflie_gazebo/cmake/crazyflie_gazebo-msg-extras.cmake
Symlinking /home/robot/dd2419_ws/devel/share/crazyflie_gazebo/cmake/crazyflie_gazeboConfig.cmake
Symlinking /home/robot/dd2419_ws/devel/share/roseus/ros/crazyflie_gazebo/manifest.l
Symlinking /home/robot/dd2419_ws/devel/share/roseus/ros/crazyflie_gazebo/srv/AddCrazyflie.l
Symlinking /home/robot/dd2419_ws/devel/share/roseus/ros/crazyflie_gazebo/srv/UpdateParams.l
Symlinking /home/robot/dd2419_ws/devel/share/roseus/ros/crazyflie_gazebo/srv/Stop.l
Symlinking /home/robot/dd2419_ws/devel/share/roseus/ros/crazyflie_gazebo/srv/GoTo.l
Symlinking /home/robot/dd2419_ws/devel/share/roseus/ros/crazyflie_gazebo/srv/RemoveCrazyflie.l
Symlinking /home/robot/dd2419_ws/devel/share/roseus/ros/crazyflie_gazebo/srv/sendPacket.l
Symlinking /home/robot/dd2419_ws/devel/share/roseus/ros/crazyflie_gazebo/srv/Takeoff.l
Symlinking /home/robot/dd2419_ws/devel/share/roseus/ros/crazyflie_gazebo/srv/SetGroupMask.l
Symlinking /home/robot/dd2419_ws/devel/share/roseus/ros/crazyflie_gazebo/srv/Land.l
Symlinking /home/robot/dd2419_ws/devel/share/roseus/ros/crazyflie_gazebo/srv/StartTrajectory.l
Symlinking /home/robot/dd2419_ws/devel/share/roseus/ros/crazyflie_gazebo/srv/UploadTrajectory.l
Symlinking /home/robot/dd2419_ws/devel/share/roseus/ros/crazyflie_gazebo/msg/FullState.l
Symlinking /home/robot/dd2419_ws/devel/share/roseus/ros/crazyflie_gazebo/msg/Position.l
Symlinking /home/robot/dd2419_ws/devel/share/roseus/ros/crazyflie_gazebo/msg/TrajectoryPolynomialPiece.l
Symlinking /home/robot/dd2419_ws/devel/share/roseus/ros/crazyflie_gazebo/msg/LogBlock.l
Symlinking /home/robot/dd2419_ws/devel/share/roseus/ros/crazyflie_gazebo/msg/Hover.l
Symlinking /home/robot/dd2419_ws/devel/share/roseus/ros/crazyflie_gazebo/msg/GenericLogData.l
Symlinking /home/robot/dd2419_ws/devel/share/roseus/ros/crazyflie_gazebo/msg/WindSpeed.l
Symlinking /home/robot/dd2419_ws/devel/share/roseus/ros/crazyflie_gazebo/msg/crtpPacket.l
Symlinking /home/robot/dd2419_ws/devel/share/gennodejs/ros/crazyflie_gazebo/_index.js
Symlinking /home/robot/dd2419_ws/devel/share/gennodejs/ros/crazyflie_gazebo/srv/Stop.js
Symlinking /home/robot/dd2419_ws/devel/share/gennodejs/ros/crazyflie_gazebo/srv/GoTo.js
Symlinking /home/robot/dd2419_ws/devel/share/gennodejs/ros/crazyflie_gazebo/srv/_index.js
Symlinking /home/robot/dd2419_ws/devel/share/gennodejs/ros/crazyflie_gazebo/srv/SetGroupMask.js
Symlinking /home/robot/dd2419_ws/devel/share/gennodejs/ros/crazyflie_gazebo/srv/Land.js
Symlinking /home/robot/dd2419_ws/devel/share/gennodejs/ros/crazyflie_gazebo/srv/UploadTrajectory.js
Symlinking /home/robot/dd2419_ws/devel/share/gennodejs/ros/crazyflie_gazebo/srv/AddCrazyflie.js
Symlinking /home/robot/dd2419_ws/devel/share/gennodejs/ros/crazyflie_gazebo/srv/StartTrajectory.js
Symlinking /home/robot/dd2419_ws/devel/share/gennodejs/ros/crazyflie_gazebo/srv/Takeoff.js
Symlinking /home/robot/dd2419_ws/devel/share/gennodejs/ros/crazyflie_gazebo/srv/RemoveCrazyflie.js
Symlinking /home/robot/dd2419_ws/devel/share/gennodejs/ros/crazyflie_gazebo/srv/UpdateParams.js
Symlinking /home/robot/dd2419_ws/devel/share/gennodejs/ros/crazyflie_gazebo/srv/sendPacket.js
Symlinking /home/robot/dd2419_ws/devel/share/gennodejs/ros/crazyflie_gazebo/msg/Position.js
Symlinking /home/robot/dd2419_ws/devel/share/gennodejs/ros/crazyflie_gazebo/msg/crtpPacket.js
Symlinking /home/robot/dd2419_ws/devel/share/gennodejs/ros/crazyflie_gazebo/msg/FullState.js
Symlinking /home/robot/dd2419_ws/devel/share/gennodejs/ros/crazyflie_gazebo/msg/TrajectoryPolynomialPiece.js
Symlinking /home/robot/dd2419_ws/devel/share/gennodejs/ros/crazyflie_gazebo/msg/LogBlock.js
Symlinking /home/robot/dd2419_ws/devel/share/gennodejs/ros/crazyflie_gazebo/msg/_index.js
Symlinking /home/robot/dd2419_ws/devel/share/gennodejs/ros/crazyflie_gazebo/msg/WindSpeed.js
Symlinking /home/robot/dd2419_ws/devel/share/gennodejs/ros/crazyflie_gazebo/msg/Hover.js
Symlinking /home/robot/dd2419_ws/devel/share/gennodejs/ros/crazyflie_gazebo/msg/GenericLogData.js
Symlinking /home/robot/dd2419_ws/devel/lib/librotors_gazebo_multirotor_base_plugin.so
Symlinking /home/robot/dd2419_ws/devel/lib/libgazebo_gps_plugin.so
Symlinking /home/robot/dd2419_ws/devel/lib/libmav_msgs.so
Symlinking /home/robot/dd2419_ws/devel/lib/libgazebo_cfGhost_plugin.so
Symlinking /home/robot/dd2419_ws/devel/lib/librotors_gazebo_magnetometer_plugin.so
Symlinking /home/robot/dd2419_ws/devel/lib/libLiftDragPlugin.so
Symlinking /home/robot/dd2419_ws/devel/lib/libcrazyflie_ros.so
Symlinking /home/robot/dd2419_ws/devel/lib/librotors_gazebo_wind_plugin.so
Symlinking /home/robot/dd2419_ws/devel/lib/librotors_gazebo_pressure_plugin.so
Symlinking /home/robot/dd2419_ws/devel/lib/librotors_gazebo_motor_model.so
Symlinking /home/robot/dd2419_ws/devel/lib/librotors_gazebo_controller_interface.so
Symlinking /home/robot/dd2419_ws/devel/lib/librotors_gazebo_imu_plugin.so
Symlinking /home/robot/dd2419_ws/devel/lib/librotors_gazebo_ros_interface_plugin.so
Symlinking /home/robot/dd2419_ws/devel/lib/librotors_gazebo_odometry_plugin.so
Symlinking /home/robot/dd2419_ws/devel/lib/libgazebo_cfHandler_plugin.so
Symlinking /home/robot/dd2419_ws/devel/lib/librotors_gazebo_lps_plugin.so
Symlinking /home/robot/dd2419_ws/devel/lib/libgazebo_sonar_plugin.so
Symlinking /home/robot/dd2419_ws/devel/lib/libcrazyflie_comm.so
Symlinking /home/robot/dd2419_ws/devel/lib/pkgconfig/crazyflie_comm.pc
Symlinking /home/robot/dd2419_ws/devel/lib/pkgconfig/crazyflie_gazebo.pc
Symlinking /home/robot/dd2419_ws/devel/lib/crazyflie_gazebo/crazyflie_server
Symlinking /home/robot/dd2419_ws/devel/lib/crazyflie_gazebo/crazyflie_add
Symlinking /home/robot/dd2419_ws/devel/lib/crazyflie_gazebo/test_cf
Symlinking /home/robot/dd2419_ws/devel/lib/crazyflie_gazebo/joy_control_node
Symlinking /home/robot/dd2419_ws/devel/lib/python2.7/dist-packages/crazyflie_gazebo/__init__.py
Symlinking /home/robot/dd2419_ws/devel/lib/python2.7/dist-packages/crazyflie_gazebo/srv/_sendPacket.py
Symlinking /home/robot/dd2419_ws/devel/lib/python2.7/dist-packages/crazyflie_gazebo/srv/_RemoveCrazyflie.py
Symlinking /home/robot/dd2419_ws/devel/lib/python2.7/dist-packages/crazyflie_gazebo/srv/_SetGroupMask.py
Symlinking /home/robot/dd2419_ws/devel/lib/python2.7/dist-packages/crazyflie_gazebo/srv/_GoTo.py
Symlinking /home/robot/dd2419_ws/devel/lib/python2.7/dist-packages/crazyflie_gazebo/srv/_AddCrazyflie.py
Symlinking /home/robot/dd2419_ws/devel/lib/python2.7/dist-packages/crazyflie_gazebo/srv/_UpdateParams.py
Symlinking /home/robot/dd2419_ws/devel/lib/python2.7/dist-packages/crazyflie_gazebo/srv/__init__.py
Symlinking /home/robot/dd2419_ws/devel/lib/python2.7/dist-packages/crazyflie_gazebo/srv/_Takeoff.py
Symlinking /home/robot/dd2419_ws/devel/lib/python2.7/dist-packages/crazyflie_gazebo/srv/_UploadTrajectory.py
Symlinking /home/robot/dd2419_ws/devel/lib/python2.7/dist-packages/crazyflie_gazebo/srv/_Land.py
Symlinking /home/robot/dd2419_ws/devel/lib/python2.7/dist-packages/crazyflie_gazebo/srv/_Stop.py
Symlinking /home/robot/dd2419_ws/devel/lib/python2.7/dist-packages/crazyflie_gazebo/srv/_StartTrajectory.py
Symlinking /home/robot/dd2419_ws/devel/lib/python2.7/dist-packages/crazyflie_gazebo/msg/_crtpPacket.py
Symlinking /home/robot/dd2419_ws/devel/lib/python2.7/dist-packages/crazyflie_gazebo/msg/_GenericLogData.py
Symlinking /home/robot/dd2419_ws/devel/lib/python2.7/dist-packages/crazyflie_gazebo/msg/_Position.py
Symlinking /home/robot/dd2419_ws/devel/lib/python2.7/dist-packages/crazyflie_gazebo/msg/_FullState.py
Symlinking /home/robot/dd2419_ws/devel/lib/python2.7/dist-packages/crazyflie_gazebo/msg/_TrajectoryPolynomialPiece.py
Symlinking /home/robot/dd2419_ws/devel/lib/python2.7/dist-packages/crazyflie_gazebo/msg/__init__.py
Symlinking /home/robot/dd2419_ws/devel/lib/python2.7/dist-packages/crazyflie_gazebo/msg/_LogBlock.py
Symlinking /home/robot/dd2419_ws/devel/lib/python2.7/dist-packages/crazyflie_gazebo/msg/_Hover.py
Symlinking /home/robot/dd2419_ws/devel/lib/python2.7/dist-packages/crazyflie_gazebo/msg/_WindSpeed.py
