Determining if the pthread_create exist failed with the following output:
Change Dir: /home/robot/dd2419_ws/build/aruco_ros/CMakeFiles/CMakeTmp

Run Build Command:"/usr/bin/make" "cmTC_506a4/fast"
/usr/bin/make -f CMakeFiles/cmTC_506a4.dir/build.make CMakeFiles/cmTC_506a4.dir/build
make[1]: Entering directory '/home/robot/dd2419_ws/build/aruco_ros/CMakeFiles/CMakeTmp'
Building C object CMakeFiles/cmTC_506a4.dir/CheckSymbolExists.c.o
/usr/bin/cc    -o CMakeFiles/cmTC_506a4.dir/CheckSymbolExists.c.o   -c /home/robot/dd2419_ws/build/aruco_ros/CMakeFiles/CMakeTmp/CheckSymbolExists.c
Linking C executable cmTC_506a4
/usr/bin/cmake -E cmake_link_script CMakeFiles/cmTC_506a4.dir/link.txt --verbose=1
/usr/bin/cc      -rdynamic CMakeFiles/cmTC_506a4.dir/CheckSymbolExists.c.o  -o cmTC_506a4 
CMakeFiles/cmTC_506a4.dir/CheckSymbolExists.c.o: In function `main':
CheckSymbolExists.c:(.text+0x1b): undefined reference to `pthread_create'
collect2: error: ld returned 1 exit status
CMakeFiles/cmTC_506a4.dir/build.make:97: recipe for target 'cmTC_506a4' failed
make[1]: *** [cmTC_506a4] Error 1
make[1]: Leaving directory '/home/robot/dd2419_ws/build/aruco_ros/CMakeFiles/CMakeTmp'
Makefile:126: recipe for target 'cmTC_506a4/fast' failed
make: *** [cmTC_506a4/fast] Error 2

File /home/robot/dd2419_ws/build/aruco_ros/CMakeFiles/CMakeTmp/CheckSymbolExists.c:
/* */
#include <pthread.h>

int main(int argc, char** argv)
{
  (void)argv;
#ifndef pthread_create
  return ((int*)(&pthread_create))[argc];
#else
  (void)argc;
  return 0;
#endif
}

Determining if the function pthread_create exists in the pthreads failed with the following output:
Change Dir: /home/robot/dd2419_ws/build/aruco_ros/CMakeFiles/CMakeTmp

Run Build Command:"/usr/bin/make" "cmTC_bd55f/fast"
/usr/bin/make -f CMakeFiles/cmTC_bd55f.dir/build.make CMakeFiles/cmTC_bd55f.dir/build
make[1]: Entering directory '/home/robot/dd2419_ws/build/aruco_ros/CMakeFiles/CMakeTmp'
Building C object CMakeFiles/cmTC_bd55f.dir/CheckFunctionExists.c.o
/usr/bin/cc   -DCHECK_FUNCTION_EXISTS=pthread_create   -o CMakeFiles/cmTC_bd55f.dir/CheckFunctionExists.c.o   -c /usr/share/cmake-3.10/Modules/CheckFunctionExists.c
Linking C executable cmTC_bd55f
/usr/bin/cmake -E cmake_link_script CMakeFiles/cmTC_bd55f.dir/link.txt --verbose=1
/usr/bin/cc  -DCHECK_FUNCTION_EXISTS=pthread_create    -rdynamic CMakeFiles/cmTC_bd55f.dir/CheckFunctionExists.c.o  -o cmTC_bd55f -lpthreads 
/usr/bin/ld: cannot find -lpthreads
collect2: error: ld returned 1 exit status
CMakeFiles/cmTC_bd55f.dir/build.make:97: recipe for target 'cmTC_bd55f' failed
make[1]: *** [cmTC_bd55f] Error 1
make[1]: Leaving directory '/home/robot/dd2419_ws/build/aruco_ros/CMakeFiles/CMakeTmp'
Makefile:126: recipe for target 'cmTC_bd55f/fast' failed
make: *** [cmTC_bd55f/fast] Error 2


