[35m[1mScanning dependencies of target reboot[0m
[  5%] [32mBuilding CXX object CMakeFiles/reboot.dir/src/reboot.cpp.o[0m
[35m[1mScanning dependencies of target console[0m
[ 10%] [32mBuilding CXX object CMakeFiles/console.dir/src/console.cpp.o[0m
[35m[1mScanning dependencies of target scan[0m
[ 15%] [32mBuilding CXX object CMakeFiles/scan.dir/src/scan.cpp.o[0m
[35m[1mScanning dependencies of target listMemories[0m
[ 20%] [32mBuilding CXX object CMakeFiles/listMemories.dir/src/listMemories.cpp.o[0m
[35m[1mScanning dependencies of target listParams[0m
[ 25%] [32mBuilding CXX object CMakeFiles/listParams.dir/src/listParams.cpp.o[0m
[ 30%] [32m[1mLinking CXX executable /home/robot/dd2419_ws/devel/.private/crazyflie_tools/lib/crazyflie_tools/console[0m
[ 30%] Built target console
[35m[1mScanning dependencies of target listLogVariables[0m
[ 35%] [32mBuilding CXX object CMakeFiles/listLogVariables.dir/src/listLogVariables.cpp.o[0m
[ 40%] [32m[1mLinking CXX executable /home/robot/dd2419_ws/devel/.private/crazyflie_tools/lib/crazyflie_tools/reboot[0m
[ 45%] [32m[1mLinking CXX executable /home/robot/dd2419_ws/devel/.private/crazyflie_tools/lib/crazyflie_tools/scan[0m
[ 45%] Built target reboot
[35m[1mScanning dependencies of target battery[0m
[ 50%] [32mBuilding CXX object CMakeFiles/battery.dir/src/battery.cpp.o[0m
[ 50%] Built target scan
[35m[1mScanning dependencies of target version[0m
[ 55%] [32mBuilding CXX object CMakeFiles/version.dir/src/version.cpp.o[0m
[ 60%] [32m[1mLinking CXX executable /home/robot/dd2419_ws/devel/.private/crazyflie_tools/lib/crazyflie_tools/listMemories[0m
[ 60%] Built target listMemories
[35m[1mScanning dependencies of target flash[0m
[ 65%] [32mBuilding CXX object CMakeFiles/flash.dir/src/flash.cpp.o[0m
[ 70%] [32m[1mLinking CXX executable /home/robot/dd2419_ws/devel/.private/crazyflie_tools/lib/crazyflie_tools/listParams[0m
[ 75%] [32m[1mLinking CXX executable /home/robot/dd2419_ws/devel/.private/crazyflie_tools/lib/crazyflie_tools/listLogVariables[0m
[ 75%] Built target listParams
[35m[1mScanning dependencies of target comCheck[0m
[ 80%] [32mBuilding CXX object CMakeFiles/comCheck.dir/src/comCheck.cpp.o[0m
[ 80%] Built target listLogVariables
[ 85%] [32m[1mLinking CXX executable /home/robot/dd2419_ws/devel/.private/crazyflie_tools/lib/crazyflie_tools/version[0m
[ 85%] Built target version
[ 90%] [32m[1mLinking CXX executable /home/robot/dd2419_ws/devel/.private/crazyflie_tools/lib/crazyflie_tools/battery[0m
[ 90%] Built target battery
[ 95%] [32m[1mLinking CXX executable /home/robot/dd2419_ws/devel/.private/crazyflie_tools/lib/crazyflie_tools/flash[0m
[ 95%] Built target flash
[100%] [32m[1mLinking CXX executable /home/robot/dd2419_ws/devel/.private/crazyflie_tools/lib/crazyflie_tools/comCheck[0m
[100%] Built target comCheck
