Determining if the pthread_create exist failed with the following output:
Change Dir: /home/robot/dd2419_ws/build/aruco/CMakeFiles/CMakeTmp

Run Build Command:"/usr/bin/make" "cmTC_1dac8/fast"
/usr/bin/make -f CMakeFiles/cmTC_1dac8.dir/build.make CMakeFiles/cmTC_1dac8.dir/build
make[1]: Entering directory '/home/robot/dd2419_ws/build/aruco/CMakeFiles/CMakeTmp'
Building C object CMakeFiles/cmTC_1dac8.dir/CheckSymbolExists.c.o
/usr/bin/cc    -o CMakeFiles/cmTC_1dac8.dir/CheckSymbolExists.c.o   -c /home/robot/dd2419_ws/build/aruco/CMakeFiles/CMakeTmp/CheckSymbolExists.c
Linking C executable cmTC_1dac8
/usr/bin/cmake -E cmake_link_script CMakeFiles/cmTC_1dac8.dir/link.txt --verbose=1
/usr/bin/cc      -rdynamic CMakeFiles/cmTC_1dac8.dir/CheckSymbolExists.c.o  -o cmTC_1dac8 
CMakeFiles/cmTC_1dac8.dir/CheckSymbolExists.c.o: In function `main':
CheckSymbolExists.c:(.text+0x1b): undefined reference to `pthread_create'
collect2: error: ld returned 1 exit status
CMakeFiles/cmTC_1dac8.dir/build.make:97: recipe for target 'cmTC_1dac8' failed
make[1]: *** [cmTC_1dac8] Error 1
make[1]: Leaving directory '/home/robot/dd2419_ws/build/aruco/CMakeFiles/CMakeTmp'
Makefile:126: recipe for target 'cmTC_1dac8/fast' failed
make: *** [cmTC_1dac8/fast] Error 2

File /home/robot/dd2419_ws/build/aruco/CMakeFiles/CMakeTmp/CheckSymbolExists.c:
/* */
#include <pthread.h>

int main(int argc, char** argv)
{
  (void)argv;
#ifndef pthread_create
  return ((int*)(&pthread_create))[argc];
#else
  (void)argc;
  return 0;
#endif
}

Determining if the function pthread_create exists in the pthreads failed with the following output:
Change Dir: /home/robot/dd2419_ws/build/aruco/CMakeFiles/CMakeTmp

Run Build Command:"/usr/bin/make" "cmTC_c47bd/fast"
/usr/bin/make -f CMakeFiles/cmTC_c47bd.dir/build.make CMakeFiles/cmTC_c47bd.dir/build
make[1]: Entering directory '/home/robot/dd2419_ws/build/aruco/CMakeFiles/CMakeTmp'
Building C object CMakeFiles/cmTC_c47bd.dir/CheckFunctionExists.c.o
/usr/bin/cc   -DCHECK_FUNCTION_EXISTS=pthread_create   -o CMakeFiles/cmTC_c47bd.dir/CheckFunctionExists.c.o   -c /usr/share/cmake-3.10/Modules/CheckFunctionExists.c
Linking C executable cmTC_c47bd
/usr/bin/cmake -E cmake_link_script CMakeFiles/cmTC_c47bd.dir/link.txt --verbose=1
/usr/bin/cc  -DCHECK_FUNCTION_EXISTS=pthread_create    -rdynamic CMakeFiles/cmTC_c47bd.dir/CheckFunctionExists.c.o  -o cmTC_c47bd -lpthreads 
/usr/bin/ld: cannot find -lpthreads
collect2: error: ld returned 1 exit status
CMakeFiles/cmTC_c47bd.dir/build.make:97: recipe for target 'cmTC_c47bd' failed
make[1]: *** [cmTC_c47bd] Error 1
make[1]: Leaving directory '/home/robot/dd2419_ws/build/aruco/CMakeFiles/CMakeTmp'
Makefile:126: recipe for target 'cmTC_c47bd/fast' failed
make: *** [cmTC_c47bd/fast] Error 2


