[35m[1mScanning dependencies of target _crazyflie_driver_generate_messages_check_deps_RemoveCrazyflie[0m
[  0%] Built target _crazyflie_driver_generate_messages_check_deps_RemoveCrazyflie
[35m[1mScanning dependencies of target _crazyflie_driver_generate_messages_check_deps_GenericLogData[0m
[  0%] Built target _crazyflie_driver_generate_messages_check_deps_GenericLogData
[35m[1mScanning dependencies of target _crazyflie_driver_generate_messages_check_deps_Hover[0m
[  0%] Built target _crazyflie_driver_generate_messages_check_deps_Hover
[35m[1mScanning dependencies of target std_msgs_generate_messages_cpp[0m
[  0%] Built target std_msgs_generate_messages_cpp
[35m[1mScanning dependencies of target _crazyflie_driver_generate_messages_check_deps_FullState[0m
[  0%] Built target _crazyflie_driver_generate_messages_check_deps_FullState
[35m[1mScanning dependencies of target _crazyflie_driver_generate_messages_check_deps_Position[0m
[  0%] Built target _crazyflie_driver_generate_messages_check_deps_Position
[35m[1mScanning dependencies of target _crazyflie_driver_generate_messages_check_deps_AddCrazyflie[0m
[  0%] Built target _crazyflie_driver_generate_messages_check_deps_AddCrazyflie
[35m[1mScanning dependencies of target _crazyflie_driver_generate_messages_check_deps_sendPacket[0m
[  0%] Built target _crazyflie_driver_generate_messages_check_deps_sendPacket
[35m[1mScanning dependencies of target _crazyflie_driver_generate_messages_check_deps_UploadTrajectory[0m
[  0%] Built target _crazyflie_driver_generate_messages_check_deps_UploadTrajectory
[35m[1mScanning dependencies of target geometry_msgs_generate_messages_cpp[0m
[  0%] Built target geometry_msgs_generate_messages_cpp
[35m[1mScanning dependencies of target _crazyflie_driver_generate_messages_check_deps_UpdateParams[0m
[  0%] Built target _crazyflie_driver_generate_messages_check_deps_UpdateParams
[35m[1mScanning dependencies of target _crazyflie_driver_generate_messages_check_deps_crtpPacket[0m
[  0%] Built target _crazyflie_driver_generate_messages_check_deps_crtpPacket
[35m[1mScanning dependencies of target _crazyflie_driver_generate_messages_check_deps_Land[0m
[  0%] Built target _crazyflie_driver_generate_messages_check_deps_Land
[35m[1mScanning dependencies of target _crazyflie_driver_generate_messages_check_deps_LogBlock[0m
[  0%] Built target _crazyflie_driver_generate_messages_check_deps_LogBlock
[35m[1mScanning dependencies of target _crazyflie_driver_generate_messages_check_deps_StartTrajectory[0m
[  0%] Built target _crazyflie_driver_generate_messages_check_deps_StartTrajectory
[35m[1mScanning dependencies of target _crazyflie_driver_generate_messages_check_deps_TrajectoryPolynomialPiece[0m
[  0%] Built target _crazyflie_driver_generate_messages_check_deps_TrajectoryPolynomialPiece
[35m[1mScanning dependencies of target _crazyflie_driver_generate_messages_check_deps_Takeoff[0m
[  0%] Built target _crazyflie_driver_generate_messages_check_deps_Takeoff
[35m[1mScanning dependencies of target _crazyflie_driver_generate_messages_check_deps_GoTo[0m
[  0%] Built target _crazyflie_driver_generate_messages_check_deps_GoTo
[35m[1mScanning dependencies of target _crazyflie_driver_generate_messages_check_deps_Stop[0m
[  0%] Built target _crazyflie_driver_generate_messages_check_deps_Stop
[35m[1mScanning dependencies of target _crazyflie_driver_generate_messages_check_deps_SetGroupMask[0m
[  0%] Built target _crazyflie_driver_generate_messages_check_deps_SetGroupMask
[35m[1mScanning dependencies of target geometry_msgs_generate_messages_eus[0m
[  0%] Built target geometry_msgs_generate_messages_eus
[35m[1mScanning dependencies of target std_msgs_generate_messages_eus[0m
[  0%] Built target std_msgs_generate_messages_eus
[35m[1mScanning dependencies of target geometry_msgs_generate_messages_py[0m
[  0%] Built target geometry_msgs_generate_messages_py
[35m[1mScanning dependencies of target std_msgs_generate_messages_py[0m
[  0%] Built target std_msgs_generate_messages_py
[35m[1mScanning dependencies of target geometry_msgs_generate_messages_nodejs[0m
[  0%] Built target geometry_msgs_generate_messages_nodejs
[35m[1mScanning dependencies of target std_msgs_generate_messages_nodejs[0m
[  0%] Built target std_msgs_generate_messages_nodejs
[35m[1mScanning dependencies of target geometry_msgs_generate_messages_lisp[0m
[  0%] Built target geometry_msgs_generate_messages_lisp
[35m[1mScanning dependencies of target std_msgs_generate_messages_lisp[0m
[  0%] Built target std_msgs_generate_messages_lisp
[35m[1mScanning dependencies of target crazyflie_driver_generate_messages_cpp[0m
[  1%] [34m[1mGenerating C++ code from crazyflie_driver/LogBlock.msg[0m
[  2%] [34m[1mGenerating C++ code from crazyflie_driver/FullState.msg[0m
[  3%] [34m[1mGenerating C++ code from crazyflie_driver/TrajectoryPolynomialPiece.msg[0m
[  4%] [34m[1mGenerating C++ code from crazyflie_driver/Position.msg[0m
[  5%] [34m[1mGenerating C++ code from crazyflie_driver/GenericLogData.msg[0m
[  6%] [34m[1mGenerating C++ code from crazyflie_driver/Hover.msg[0m
[  7%] [34m[1mGenerating C++ code from crazyflie_driver/crtpPacket.msg[0m
[  8%] [34m[1mGenerating C++ code from crazyflie_driver/Land.srv[0m
[ 10%] [34m[1mGenerating C++ code from crazyflie_driver/StartTrajectory.srv[0m
[ 11%] [34m[1mGenerating C++ code from crazyflie_driver/sendPacket.srv[0m
[ 12%] [34m[1mGenerating C++ code from crazyflie_driver/UploadTrajectory.srv[0m
[ 12%] [34m[1mGenerating C++ code from crazyflie_driver/UpdateParams.srv[0m
[ 13%] [34m[1mGenerating C++ code from crazyflie_driver/Stop.srv[0m
[ 14%] [34m[1mGenerating C++ code from crazyflie_driver/RemoveCrazyflie.srv[0m
[ 15%] [34m[1mGenerating C++ code from crazyflie_driver/Takeoff.srv[0m
[ 16%] [34m[1mGenerating C++ code from crazyflie_driver/GoTo.srv[0m
[ 17%] [34m[1mGenerating C++ code from crazyflie_driver/AddCrazyflie.srv[0m
[ 19%] [34m[1mGenerating C++ code from crazyflie_driver/SetGroupMask.srv[0m
[ 19%] Built target crazyflie_driver_generate_messages_cpp
[35m[1mScanning dependencies of target crazyflie_driver_generate_messages_eus[0m
[ 20%] [34m[1mGenerating EusLisp code from crazyflie_driver/LogBlock.msg[0m
[ 21%] [34m[1mGenerating EusLisp code from crazyflie_driver/FullState.msg[0m
[ 22%] [34m[1mGenerating EusLisp code from crazyflie_driver/TrajectoryPolynomialPiece.msg[0m
[ 23%] [34m[1mGenerating EusLisp code from crazyflie_driver/Position.msg[0m
[ 24%] [34m[1mGenerating EusLisp code from crazyflie_driver/GenericLogData.msg[0m
[ 25%] [34m[1mGenerating EusLisp code from crazyflie_driver/Hover.msg[0m
[ 26%] [34m[1mGenerating EusLisp code from crazyflie_driver/crtpPacket.msg[0m
[ 26%] [34m[1mGenerating EusLisp code from crazyflie_driver/Land.srv[0m
[ 28%] [34m[1mGenerating EusLisp code from crazyflie_driver/StartTrajectory.srv[0m
[ 29%] [34m[1mGenerating EusLisp code from crazyflie_driver/sendPacket.srv[0m
[ 30%] [34m[1mGenerating EusLisp code from crazyflie_driver/UploadTrajectory.srv[0m
[ 31%] [34m[1mGenerating EusLisp code from crazyflie_driver/UpdateParams.srv[0m
[ 32%] [34m[1mGenerating EusLisp code from crazyflie_driver/Stop.srv[0m
[ 33%] [34m[1mGenerating EusLisp code from crazyflie_driver/RemoveCrazyflie.srv[0m
[ 34%] [34m[1mGenerating EusLisp code from crazyflie_driver/Takeoff.srv[0m
[ 35%] [34m[1mGenerating EusLisp code from crazyflie_driver/GoTo.srv[0m
[ 37%] [34m[1mGenerating EusLisp code from crazyflie_driver/AddCrazyflie.srv[0m
[ 38%] [34m[1mGenerating EusLisp code from crazyflie_driver/SetGroupMask.srv[0m
[ 39%] [34m[1mGenerating EusLisp manifest code for crazyflie_driver[0m
[35m[1mScanning dependencies of target crazyflie_driver_generate_messages_py[0m
[ 40%] [34m[1mGenerating Python from MSG crazyflie_driver/LogBlock[0m
[35m[1mScanning dependencies of target crazyflie_driver_generate_messages_nodejs[0m
[ 41%] [34m[1mGenerating Javascript code from crazyflie_driver/LogBlock.msg[0m
[ 42%] [34m[1mGenerating Javascript code from crazyflie_driver/FullState.msg[0m
[ 43%] [34m[1mGenerating Javascript code from crazyflie_driver/TrajectoryPolynomialPiece.msg[0m
[ 43%] Built target crazyflie_driver_generate_messages_eus
[ 44%] [34m[1mGenerating Python from MSG crazyflie_driver/FullState[0m
[35m[1mScanning dependencies of target crazyflie_driver_generate_messages_lisp[0m
[ 46%] [34m[1mGenerating Javascript code from crazyflie_driver/Position.msg[0m
[ 47%] [34m[1mGenerating Lisp code from crazyflie_driver/LogBlock.msg[0m
[ 48%] [34m[1mGenerating Python from MSG crazyflie_driver/TrajectoryPolynomialPiece[0m
[ 49%] [34m[1mGenerating Javascript code from crazyflie_driver/GenericLogData.msg[0m
[ 49%] [34m[1mGenerating Lisp code from crazyflie_driver/FullState.msg[0m
[ 50%] [34m[1mGenerating Javascript code from crazyflie_driver/Hover.msg[0m
[ 51%] [34m[1mGenerating Javascript code from crazyflie_driver/crtpPacket.msg[0m
[ 52%] [34m[1mGenerating Lisp code from crazyflie_driver/TrajectoryPolynomialPiece.msg[0m
[ 53%] [34m[1mGenerating Python from MSG crazyflie_driver/Position[0m
[ 55%] [34m[1mGenerating Javascript code from crazyflie_driver/Land.srv[0m
[ 56%] [34m[1mGenerating Lisp code from crazyflie_driver/Position.msg[0m
[ 57%] [34m[1mGenerating Javascript code from crazyflie_driver/StartTrajectory.srv[0m
[ 58%] [34m[1mGenerating Lisp code from crazyflie_driver/GenericLogData.msg[0m
[ 59%] [34m[1mGenerating Javascript code from crazyflie_driver/sendPacket.srv[0m
[ 59%] [34m[1mGenerating Javascript code from crazyflie_driver/UploadTrajectory.srv[0m
[ 60%] [34m[1mGenerating Python from MSG crazyflie_driver/GenericLogData[0m
[ 61%] [34m[1mGenerating Lisp code from crazyflie_driver/Hover.msg[0m
[ 62%] [34m[1mGenerating Javascript code from crazyflie_driver/UpdateParams.srv[0m
[ 64%] [34m[1mGenerating Lisp code from crazyflie_driver/crtpPacket.msg[0m
[ 65%] [34m[1mGenerating Lisp code from crazyflie_driver/Land.srv[0m
[ 66%] [34m[1mGenerating Javascript code from crazyflie_driver/Stop.srv[0m
[ 67%] [34m[1mGenerating Javascript code from crazyflie_driver/RemoveCrazyflie.srv[0m
[ 68%] [34m[1mGenerating Python from MSG crazyflie_driver/Hover[0m
[ 69%] [34m[1mGenerating Lisp code from crazyflie_driver/StartTrajectory.srv[0m
[ 70%] [34m[1mGenerating Lisp code from crazyflie_driver/sendPacket.srv[0m
[ 71%] [34m[1mGenerating Javascript code from crazyflie_driver/Takeoff.srv[0m
[ 73%] [34m[1mGenerating Lisp code from crazyflie_driver/UploadTrajectory.srv[0m
[ 74%] [34m[1mGenerating Lisp code from crazyflie_driver/UpdateParams.srv[0m
[ 75%] [34m[1mGenerating Javascript code from crazyflie_driver/GoTo.srv[0m
[ 76%] [34m[1mGenerating Lisp code from crazyflie_driver/Stop.srv[0m
[ 76%] [34m[1mGenerating Python from MSG crazyflie_driver/crtpPacket[0m
[ 77%] [34m[1mGenerating Javascript code from crazyflie_driver/AddCrazyflie.srv[0m
[ 78%] [34m[1mGenerating Lisp code from crazyflie_driver/RemoveCrazyflie.srv[0m
[ 80%] [34m[1mGenerating Javascript code from crazyflie_driver/SetGroupMask.srv[0m
[ 80%] [34m[1mGenerating Lisp code from crazyflie_driver/Takeoff.srv[0m
[ 82%] [34m[1mGenerating Python code from SRV crazyflie_driver/Land[0m
[ 82%] [34m[1mGenerating Lisp code from crazyflie_driver/GoTo.srv[0m
[ 82%] Built target crazyflie_driver_generate_messages_nodejs
[35m[1mScanning dependencies of target crazyflie_add[0m
[ 82%] [32mBuilding CXX object CMakeFiles/crazyflie_add.dir/src/crazyflie_add.cpp.o[0m
[ 83%] [34m[1mGenerating Lisp code from crazyflie_driver/AddCrazyflie.srv[0m
[ 84%] [34m[1mGenerating Python code from SRV crazyflie_driver/StartTrajectory[0m
[ 85%] [34m[1mGenerating Lisp code from crazyflie_driver/SetGroupMask.srv[0m
[ 85%] Built target crazyflie_driver_generate_messages_lisp
[35m[1mScanning dependencies of target crazyflie_server[0m
[ 86%] [32mBuilding CXX object CMakeFiles/crazyflie_server.dir/src/crazyflie_server.cpp.o[0m
[ 87%] [34m[1mGenerating Python code from SRV crazyflie_driver/sendPacket[0m
[ 88%] [34m[1mGenerating Python code from SRV crazyflie_driver/UploadTrajectory[0m
[ 89%] [34m[1mGenerating Python code from SRV crazyflie_driver/UpdateParams[0m
[ 91%] [34m[1mGenerating Python code from SRV crazyflie_driver/Stop[0m
[ 92%] [34m[1mGenerating Python code from SRV crazyflie_driver/RemoveCrazyflie[0m
[ 93%] [34m[1mGenerating Python code from SRV crazyflie_driver/Takeoff[0m
[ 94%] [34m[1mGenerating Python code from SRV crazyflie_driver/GoTo[0m
[ 95%] [34m[1mGenerating Python code from SRV crazyflie_driver/AddCrazyflie[0m
[ 96%] [34m[1mGenerating Python code from SRV crazyflie_driver/SetGroupMask[0m
[ 97%] [34m[1mGenerating Python msg __init__.py for crazyflie_driver[0m
[ 97%] [34m[1mGenerating Python srv __init__.py for crazyflie_driver[0m
[ 97%] Built target crazyflie_driver_generate_messages_py
[35m[1mScanning dependencies of target crazyflie_driver_generate_messages[0m
[ 97%] Built target crazyflie_driver_generate_messages
[ 98%] [32m[1mLinking CXX executable /home/robot/dd2419_ws/devel/.private/crazyflie_driver/lib/crazyflie_driver/crazyflie_add[0m
[ 98%] Built target crazyflie_add
[100%] [32m[1mLinking CXX executable /home/robot/dd2419_ws/devel/.private/crazyflie_driver/lib/crazyflie_driver/crazyflie_server[0m
[100%] Built target crazyflie_server
