Symlinking /home/robot/dd2419_ws/devel/include/crazyflie_driver/crtpPacket.h
Symlinking /home/robot/dd2419_ws/devel/include/crazyflie_driver/AddCrazyflie.h
Symlinking /home/robot/dd2419_ws/devel/include/crazyflie_driver/TakeoffResponse.h
Symlinking /home/robot/dd2419_ws/devel/include/crazyflie_driver/Takeoff.h
Symlinking /home/robot/dd2419_ws/devel/include/crazyflie_driver/LandRequest.h
Symlinking /home/robot/dd2419_ws/devel/include/crazyflie_driver/Stop.h
Symlinking /home/robot/dd2419_ws/devel/include/crazyflie_driver/TrajectoryPolynomialPiece.h
Symlinking /home/robot/dd2419_ws/devel/include/crazyflie_driver/GoTo.h
Symlinking /home/robot/dd2419_ws/devel/include/crazyflie_driver/UploadTrajectoryResponse.h
Symlinking /home/robot/dd2419_ws/devel/include/crazyflie_driver/UploadTrajectoryRequest.h
Symlinking /home/robot/dd2419_ws/devel/include/crazyflie_driver/RemoveCrazyflieRequest.h
Symlinking /home/robot/dd2419_ws/devel/include/crazyflie_driver/UploadTrajectory.h
Symlinking /home/robot/dd2419_ws/devel/include/crazyflie_driver/Hover.h
Symlinking /home/robot/dd2419_ws/devel/include/crazyflie_driver/UpdateParamsRequest.h
Symlinking /home/robot/dd2419_ws/devel/include/crazyflie_driver/Position.h
Symlinking /home/robot/dd2419_ws/devel/include/crazyflie_driver/AddCrazyflieResponse.h
Symlinking /home/robot/dd2419_ws/devel/include/crazyflie_driver/GoToResponse.h
Symlinking /home/robot/dd2419_ws/devel/include/crazyflie_driver/sendPacket.h
Symlinking /home/robot/dd2419_ws/devel/include/crazyflie_driver/FullState.h
Symlinking /home/robot/dd2419_ws/devel/include/crazyflie_driver/AddCrazyflieRequest.h
Symlinking /home/robot/dd2419_ws/devel/include/crazyflie_driver/TakeoffRequest.h
Symlinking /home/robot/dd2419_ws/devel/include/crazyflie_driver/sendPacketRequest.h
Symlinking /home/robot/dd2419_ws/devel/include/crazyflie_driver/RemoveCrazyflieResponse.h
Symlinking /home/robot/dd2419_ws/devel/include/crazyflie_driver/StartTrajectory.h
Symlinking /home/robot/dd2419_ws/devel/include/crazyflie_driver/GenericLogData.h
Symlinking /home/robot/dd2419_ws/devel/include/crazyflie_driver/LandResponse.h
Symlinking /home/robot/dd2419_ws/devel/include/crazyflie_driver/SetGroupMask.h
Symlinking /home/robot/dd2419_ws/devel/include/crazyflie_driver/UpdateParamsResponse.h
Symlinking /home/robot/dd2419_ws/devel/include/crazyflie_driver/GoToRequest.h
Symlinking /home/robot/dd2419_ws/devel/include/crazyflie_driver/SetGroupMaskResponse.h
Symlinking /home/robot/dd2419_ws/devel/include/crazyflie_driver/RemoveCrazyflie.h
Symlinking /home/robot/dd2419_ws/devel/include/crazyflie_driver/StartTrajectoryRequest.h
Symlinking /home/robot/dd2419_ws/devel/include/crazyflie_driver/sendPacketResponse.h
Symlinking /home/robot/dd2419_ws/devel/include/crazyflie_driver/StartTrajectoryResponse.h
Symlinking /home/robot/dd2419_ws/devel/include/crazyflie_driver/UpdateParams.h
Symlinking /home/robot/dd2419_ws/devel/include/crazyflie_driver/LogBlock.h
Symlinking /home/robot/dd2419_ws/devel/include/crazyflie_driver/Land.h
Symlinking /home/robot/dd2419_ws/devel/include/crazyflie_driver/StopRequest.h
Symlinking /home/robot/dd2419_ws/devel/include/crazyflie_driver/StopResponse.h
Symlinking /home/robot/dd2419_ws/devel/include/crazyflie_driver/SetGroupMaskRequest.h
Symlinking /home/robot/dd2419_ws/devel/share/crazyflie_driver/cmake/crazyflie_driver-msg-extras.cmake
Symlinking /home/robot/dd2419_ws/devel/share/crazyflie_driver/cmake/crazyflie_driver-msg-paths.cmake
Symlinking /home/robot/dd2419_ws/devel/share/crazyflie_driver/cmake/crazyflie_driverConfig.cmake
Symlinking /home/robot/dd2419_ws/devel/share/crazyflie_driver/cmake/crazyflie_driverConfig-version.cmake
Symlinking /home/robot/dd2419_ws/devel/share/common-lisp/ros/crazyflie_driver/srv/_package_Land.lisp
Symlinking /home/robot/dd2419_ws/devel/share/common-lisp/ros/crazyflie_driver/srv/UpdateParams.lisp
Symlinking /home/robot/dd2419_ws/devel/share/common-lisp/ros/crazyflie_driver/srv/AddCrazyflie.lisp
Symlinking /home/robot/dd2419_ws/devel/share/common-lisp/ros/crazyflie_driver/srv/_package_UpdateParams.lisp
Symlinking /home/robot/dd2419_ws/devel/share/common-lisp/ros/crazyflie_driver/srv/_package_sendPacket.lisp
Symlinking /home/robot/dd2419_ws/devel/share/common-lisp/ros/crazyflie_driver/srv/_package_Takeoff.lisp
Symlinking /home/robot/dd2419_ws/devel/share/common-lisp/ros/crazyflie_driver/srv/GoTo.lisp
Symlinking /home/robot/dd2419_ws/devel/share/common-lisp/ros/crazyflie_driver/srv/_package_UploadTrajectory.lisp
Symlinking /home/robot/dd2419_ws/devel/share/common-lisp/ros/crazyflie_driver/srv/sendPacket.lisp
Symlinking /home/robot/dd2419_ws/devel/share/common-lisp/ros/crazyflie_driver/srv/crazyflie_driver-srv.asd
Symlinking /home/robot/dd2419_ws/devel/share/common-lisp/ros/crazyflie_driver/srv/Takeoff.lisp
Symlinking /home/robot/dd2419_ws/devel/share/common-lisp/ros/crazyflie_driver/srv/Stop.lisp
Symlinking /home/robot/dd2419_ws/devel/share/common-lisp/ros/crazyflie_driver/srv/_package_RemoveCrazyflie.lisp
Symlinking /home/robot/dd2419_ws/devel/share/common-lisp/ros/crazyflie_driver/srv/_package_Stop.lisp
Symlinking /home/robot/dd2419_ws/devel/share/common-lisp/ros/crazyflie_driver/srv/_package_AddCrazyflie.lisp
Symlinking /home/robot/dd2419_ws/devel/share/common-lisp/ros/crazyflie_driver/srv/_package_SetGroupMask.lisp
Symlinking /home/robot/dd2419_ws/devel/share/common-lisp/ros/crazyflie_driver/srv/_package_GoTo.lisp
Symlinking /home/robot/dd2419_ws/devel/share/common-lisp/ros/crazyflie_driver/srv/_package_StartTrajectory.lisp
Symlinking /home/robot/dd2419_ws/devel/share/common-lisp/ros/crazyflie_driver/srv/Land.lisp
Symlinking /home/robot/dd2419_ws/devel/share/common-lisp/ros/crazyflie_driver/srv/_package.lisp
Symlinking /home/robot/dd2419_ws/devel/share/common-lisp/ros/crazyflie_driver/srv/StartTrajectory.lisp
Symlinking /home/robot/dd2419_ws/devel/share/common-lisp/ros/crazyflie_driver/srv/SetGroupMask.lisp
Symlinking /home/robot/dd2419_ws/devel/share/common-lisp/ros/crazyflie_driver/srv/UploadTrajectory.lisp
Symlinking /home/robot/dd2419_ws/devel/share/common-lisp/ros/crazyflie_driver/srv/RemoveCrazyflie.lisp
Symlinking /home/robot/dd2419_ws/devel/share/common-lisp/ros/crazyflie_driver/msg/TrajectoryPolynomialPiece.lisp
Symlinking /home/robot/dd2419_ws/devel/share/common-lisp/ros/crazyflie_driver/msg/_package_GenericLogData.lisp
Symlinking /home/robot/dd2419_ws/devel/share/common-lisp/ros/crazyflie_driver/msg/_package_FullState.lisp
Symlinking /home/robot/dd2419_ws/devel/share/common-lisp/ros/crazyflie_driver/msg/_package_LogBlock.lisp
Symlinking /home/robot/dd2419_ws/devel/share/common-lisp/ros/crazyflie_driver/msg/LogBlock.lisp
Symlinking /home/robot/dd2419_ws/devel/share/common-lisp/ros/crazyflie_driver/msg/_package_TrajectoryPolynomialPiece.lisp
Symlinking /home/robot/dd2419_ws/devel/share/common-lisp/ros/crazyflie_driver/msg/FullState.lisp
Symlinking /home/robot/dd2419_ws/devel/share/common-lisp/ros/crazyflie_driver/msg/Hover.lisp
Symlinking /home/robot/dd2419_ws/devel/share/common-lisp/ros/crazyflie_driver/msg/crazyflie_driver-msg.asd
Symlinking /home/robot/dd2419_ws/devel/share/common-lisp/ros/crazyflie_driver/msg/_package_Position.lisp
Symlinking /home/robot/dd2419_ws/devel/share/common-lisp/ros/crazyflie_driver/msg/_package_crtpPacket.lisp
Symlinking /home/robot/dd2419_ws/devel/share/common-lisp/ros/crazyflie_driver/msg/crtpPacket.lisp
Symlinking /home/robot/dd2419_ws/devel/share/common-lisp/ros/crazyflie_driver/msg/_package.lisp
Symlinking /home/robot/dd2419_ws/devel/share/common-lisp/ros/crazyflie_driver/msg/Position.lisp
Symlinking /home/robot/dd2419_ws/devel/share/common-lisp/ros/crazyflie_driver/msg/_package_Hover.lisp
Symlinking /home/robot/dd2419_ws/devel/share/common-lisp/ros/crazyflie_driver/msg/GenericLogData.lisp
Symlinking /home/robot/dd2419_ws/devel/share/roseus/ros/crazyflie_driver/manifest.l
Symlinking /home/robot/dd2419_ws/devel/share/roseus/ros/crazyflie_driver/srv/AddCrazyflie.l
Symlinking /home/robot/dd2419_ws/devel/share/roseus/ros/crazyflie_driver/srv/UpdateParams.l
Symlinking /home/robot/dd2419_ws/devel/share/roseus/ros/crazyflie_driver/srv/Stop.l
Symlinking /home/robot/dd2419_ws/devel/share/roseus/ros/crazyflie_driver/srv/GoTo.l
Symlinking /home/robot/dd2419_ws/devel/share/roseus/ros/crazyflie_driver/srv/RemoveCrazyflie.l
Symlinking /home/robot/dd2419_ws/devel/share/roseus/ros/crazyflie_driver/srv/sendPacket.l
Symlinking /home/robot/dd2419_ws/devel/share/roseus/ros/crazyflie_driver/srv/Takeoff.l
Symlinking /home/robot/dd2419_ws/devel/share/roseus/ros/crazyflie_driver/srv/SetGroupMask.l
Symlinking /home/robot/dd2419_ws/devel/share/roseus/ros/crazyflie_driver/srv/Land.l
Symlinking /home/robot/dd2419_ws/devel/share/roseus/ros/crazyflie_driver/srv/StartTrajectory.l
Symlinking /home/robot/dd2419_ws/devel/share/roseus/ros/crazyflie_driver/srv/UploadTrajectory.l
Symlinking /home/robot/dd2419_ws/devel/share/roseus/ros/crazyflie_driver/msg/FullState.l
Symlinking /home/robot/dd2419_ws/devel/share/roseus/ros/crazyflie_driver/msg/Position.l
Symlinking /home/robot/dd2419_ws/devel/share/roseus/ros/crazyflie_driver/msg/TrajectoryPolynomialPiece.l
Symlinking /home/robot/dd2419_ws/devel/share/roseus/ros/crazyflie_driver/msg/LogBlock.l
Symlinking /home/robot/dd2419_ws/devel/share/roseus/ros/crazyflie_driver/msg/Hover.l
Symlinking /home/robot/dd2419_ws/devel/share/roseus/ros/crazyflie_driver/msg/GenericLogData.l
Symlinking /home/robot/dd2419_ws/devel/share/roseus/ros/crazyflie_driver/msg/crtpPacket.l
Symlinking /home/robot/dd2419_ws/devel/share/gennodejs/ros/crazyflie_driver/_index.js
Symlinking /home/robot/dd2419_ws/devel/share/gennodejs/ros/crazyflie_driver/srv/Stop.js
Symlinking /home/robot/dd2419_ws/devel/share/gennodejs/ros/crazyflie_driver/srv/GoTo.js
Symlinking /home/robot/dd2419_ws/devel/share/gennodejs/ros/crazyflie_driver/srv/_index.js
Symlinking /home/robot/dd2419_ws/devel/share/gennodejs/ros/crazyflie_driver/srv/SetGroupMask.js
Symlinking /home/robot/dd2419_ws/devel/share/gennodejs/ros/crazyflie_driver/srv/Land.js
Symlinking /home/robot/dd2419_ws/devel/share/gennodejs/ros/crazyflie_driver/srv/UploadTrajectory.js
Symlinking /home/robot/dd2419_ws/devel/share/gennodejs/ros/crazyflie_driver/srv/AddCrazyflie.js
Symlinking /home/robot/dd2419_ws/devel/share/gennodejs/ros/crazyflie_driver/srv/StartTrajectory.js
Symlinking /home/robot/dd2419_ws/devel/share/gennodejs/ros/crazyflie_driver/srv/Takeoff.js
Symlinking /home/robot/dd2419_ws/devel/share/gennodejs/ros/crazyflie_driver/srv/RemoveCrazyflie.js
Symlinking /home/robot/dd2419_ws/devel/share/gennodejs/ros/crazyflie_driver/srv/UpdateParams.js
Symlinking /home/robot/dd2419_ws/devel/share/gennodejs/ros/crazyflie_driver/srv/sendPacket.js
Symlinking /home/robot/dd2419_ws/devel/share/gennodejs/ros/crazyflie_driver/msg/Position.js
Symlinking /home/robot/dd2419_ws/devel/share/gennodejs/ros/crazyflie_driver/msg/crtpPacket.js
Symlinking /home/robot/dd2419_ws/devel/share/gennodejs/ros/crazyflie_driver/msg/FullState.js
Symlinking /home/robot/dd2419_ws/devel/share/gennodejs/ros/crazyflie_driver/msg/TrajectoryPolynomialPiece.js
Symlinking /home/robot/dd2419_ws/devel/share/gennodejs/ros/crazyflie_driver/msg/LogBlock.js
Symlinking /home/robot/dd2419_ws/devel/share/gennodejs/ros/crazyflie_driver/msg/_index.js
Symlinking /home/robot/dd2419_ws/devel/share/gennodejs/ros/crazyflie_driver/msg/Hover.js
Symlinking /home/robot/dd2419_ws/devel/share/gennodejs/ros/crazyflie_driver/msg/GenericLogData.js
Symlinking /home/robot/dd2419_ws/devel/lib/pkgconfig/crazyflie_driver.pc
Symlinking /home/robot/dd2419_ws/devel/lib/crazyflie_driver/crazyflie_server
Symlinking /home/robot/dd2419_ws/devel/lib/crazyflie_driver/crazyflie_add
Symlinking /home/robot/dd2419_ws/devel/lib/python2.7/dist-packages/crazyflie_driver/__init__.py
Symlinking /home/robot/dd2419_ws/devel/lib/python2.7/dist-packages/crazyflie_driver/srv/_sendPacket.py
Symlinking /home/robot/dd2419_ws/devel/lib/python2.7/dist-packages/crazyflie_driver/srv/_RemoveCrazyflie.py
Symlinking /home/robot/dd2419_ws/devel/lib/python2.7/dist-packages/crazyflie_driver/srv/_SetGroupMask.py
Symlinking /home/robot/dd2419_ws/devel/lib/python2.7/dist-packages/crazyflie_driver/srv/_GoTo.py
Symlinking /home/robot/dd2419_ws/devel/lib/python2.7/dist-packages/crazyflie_driver/srv/_AddCrazyflie.py
Symlinking /home/robot/dd2419_ws/devel/lib/python2.7/dist-packages/crazyflie_driver/srv/_UpdateParams.py
Symlinking /home/robot/dd2419_ws/devel/lib/python2.7/dist-packages/crazyflie_driver/srv/__init__.py
Symlinking /home/robot/dd2419_ws/devel/lib/python2.7/dist-packages/crazyflie_driver/srv/_Takeoff.py
Symlinking /home/robot/dd2419_ws/devel/lib/python2.7/dist-packages/crazyflie_driver/srv/_UploadTrajectory.py
Symlinking /home/robot/dd2419_ws/devel/lib/python2.7/dist-packages/crazyflie_driver/srv/_Land.py
Symlinking /home/robot/dd2419_ws/devel/lib/python2.7/dist-packages/crazyflie_driver/srv/_Stop.py
Symlinking /home/robot/dd2419_ws/devel/lib/python2.7/dist-packages/crazyflie_driver/srv/_StartTrajectory.py
Symlinking /home/robot/dd2419_ws/devel/lib/python2.7/dist-packages/crazyflie_driver/msg/_crtpPacket.py
Symlinking /home/robot/dd2419_ws/devel/lib/python2.7/dist-packages/crazyflie_driver/msg/_GenericLogData.py
Symlinking /home/robot/dd2419_ws/devel/lib/python2.7/dist-packages/crazyflie_driver/msg/_Position.py
Symlinking /home/robot/dd2419_ws/devel/lib/python2.7/dist-packages/crazyflie_driver/msg/_FullState.py
Symlinking /home/robot/dd2419_ws/devel/lib/python2.7/dist-packages/crazyflie_driver/msg/_TrajectoryPolynomialPiece.py
Symlinking /home/robot/dd2419_ws/devel/lib/python2.7/dist-packages/crazyflie_driver/msg/__init__.py
Symlinking /home/robot/dd2419_ws/devel/lib/python2.7/dist-packages/crazyflie_driver/msg/_LogBlock.py
Symlinking /home/robot/dd2419_ws/devel/lib/python2.7/dist-packages/crazyflie_driver/msg/_Hover.py
