[35m[1mScanning dependencies of target _crazyflie_gazebo_generate_messages_check_deps_AddCrazyflie[0m
[  0%] Built target _crazyflie_gazebo_generate_messages_check_deps_AddCrazyflie
[35m[1mScanning dependencies of target _crazyflie_gazebo_generate_messages_check_deps_LogBlock[0m
[  0%] Built target _crazyflie_gazebo_generate_messages_check_deps_LogBlock
[35m[1mScanning dependencies of target _crazyflie_gazebo_generate_messages_check_deps_GoTo[0m
[  0%] Built target _crazyflie_gazebo_generate_messages_check_deps_GoTo
[35m[1mScanning dependencies of target _crazyflie_gazebo_generate_messages_check_deps_StartTrajectory[0m
[  0%] Built target _crazyflie_gazebo_generate_messages_check_deps_StartTrajectory
[35m[1mScanning dependencies of target _crazyflie_gazebo_generate_messages_check_deps_Hover[0m
[  0%] Built target _crazyflie_gazebo_generate_messages_check_deps_Hover
[35m[1mScanning dependencies of target _crazyflie_gazebo_generate_messages_check_deps_UpdateParams[0m
[  0%] Built target _crazyflie_gazebo_generate_messages_check_deps_UpdateParams
[35m[1mScanning dependencies of target _crazyflie_gazebo_generate_messages_check_deps_WindSpeed[0m
[  0%] Built target _crazyflie_gazebo_generate_messages_check_deps_WindSpeed
[35m[1mScanning dependencies of target std_msgs_generate_messages_cpp[0m
[  0%] Built target std_msgs_generate_messages_cpp
[35m[1mScanning dependencies of target _crazyflie_gazebo_generate_messages_check_deps_TrajectoryPolynomialPiece[0m
[  0%] Built target _crazyflie_gazebo_generate_messages_check_deps_TrajectoryPolynomialPiece
[35m[1mScanning dependencies of target geometry_msgs_generate_messages_cpp[0m
[  0%] Built target geometry_msgs_generate_messages_cpp
[35m[1mScanning dependencies of target _crazyflie_gazebo_generate_messages_check_deps_FullState[0m
[  0%] Built target _crazyflie_gazebo_generate_messages_check_deps_FullState
[35m[1mScanning dependencies of target _crazyflie_gazebo_generate_messages_check_deps_Land[0m
[  0%] Built target _crazyflie_gazebo_generate_messages_check_deps_Land
[35m[1mScanning dependencies of target _crazyflie_gazebo_generate_messages_check_deps_SetGroupMask[0m
[  0%] Built target _crazyflie_gazebo_generate_messages_check_deps_SetGroupMask
[35m[1mScanning dependencies of target _crazyflie_gazebo_generate_messages_check_deps_crtpPacket[0m
[  0%] Built target _crazyflie_gazebo_generate_messages_check_deps_crtpPacket
[35m[1mScanning dependencies of target _crazyflie_gazebo_generate_messages_check_deps_RemoveCrazyflie[0m
[  0%] Built target _crazyflie_gazebo_generate_messages_check_deps_RemoveCrazyflie
[35m[1mScanning dependencies of target _crazyflie_gazebo_generate_messages_check_deps_GenericLogData[0m
[  0%] Built target _crazyflie_gazebo_generate_messages_check_deps_GenericLogData
[35m[1mScanning dependencies of target _crazyflie_gazebo_generate_messages_check_deps_UploadTrajectory[0m
[  0%] Built target _crazyflie_gazebo_generate_messages_check_deps_UploadTrajectory
[35m[1mScanning dependencies of target _crazyflie_gazebo_generate_messages_check_deps_Takeoff[0m
[  0%] Built target _crazyflie_gazebo_generate_messages_check_deps_Takeoff
[35m[1mScanning dependencies of target _crazyflie_gazebo_generate_messages_check_deps_Position[0m
[  0%] Built target _crazyflie_gazebo_generate_messages_check_deps_Position
[35m[1mScanning dependencies of target _crazyflie_gazebo_generate_messages_check_deps_Stop[0m
[  0%] Built target _crazyflie_gazebo_generate_messages_check_deps_Stop
[35m[1mScanning dependencies of target _crazyflie_gazebo_generate_messages_check_deps_sendPacket[0m
[  0%] Built target _crazyflie_gazebo_generate_messages_check_deps_sendPacket
[  0%] [34m[1mRunning C++ protocol buffer compiler on /home/robot/dd2419_ws/src/course_packages/sim_cf/crazyflie_gazebo/msgs/sonarSens.proto[0m
[  1%] [34m[1mRunning C++ protocol buffer compiler on /home/robot/dd2419_ws/src/course_packages/sim_cf/crazyflie_gazebo/msgs/Actuators.proto[0m
[  1%] [34m[1mRunning C++ protocol buffer compiler on /home/robot/dd2419_ws/src/course_packages/sim_cf/crazyflie_gazebo/msgs/CommandMotorSpeed.proto[0m
[  1%] [34m[1mRunning C++ protocol buffer compiler on /home/robot/dd2419_ws/src/course_packages/sim_cf/crazyflie_gazebo/msgs/ConnectGazeboToRosTopic.proto[0m
[  2%] [34m[1mRunning C++ protocol buffer compiler on /home/robot/dd2419_ws/src/course_packages/sim_cf/crazyflie_gazebo/msgs/ConnectRosToGazeboTopic.proto[0m
[  2%] [34m[1mRunning C++ protocol buffer compiler on /home/robot/dd2419_ws/src/course_packages/sim_cf/crazyflie_gazebo/msgs/Float32.proto[0m
[  3%] [34m[1mRunning C++ protocol buffer compiler on /home/robot/dd2419_ws/src/course_packages/sim_cf/crazyflie_gazebo/msgs/FluidPressure.proto[0m
[  3%] [34m[1mRunning C++ protocol buffer compiler on /home/robot/dd2419_ws/src/course_packages/sim_cf/crazyflie_gazebo/msgs/Groundtruth.proto[0m
[  4%] [34m[1mRunning C++ protocol buffer compiler on /home/robot/dd2419_ws/src/course_packages/sim_cf/crazyflie_gazebo/msgs/Header.proto[0m
[  4%] [34m[1mRunning C++ protocol buffer compiler on /home/robot/dd2419_ws/src/course_packages/sim_cf/crazyflie_gazebo/msgs/Imu.proto[0m
[  5%] [34m[1mRunning C++ protocol buffer compiler on /home/robot/dd2419_ws/src/course_packages/sim_cf/crazyflie_gazebo/msgs/JointState.proto[0m
[  5%] [34m[1mRunning C++ protocol buffer compiler on /home/robot/dd2419_ws/src/course_packages/sim_cf/crazyflie_gazebo/msgs/Lidar.proto[0m
[  5%] [34m[1mRunning C++ protocol buffer compiler on /home/robot/dd2419_ws/src/course_packages/sim_cf/crazyflie_gazebo/msgs/MagneticField.proto[0m
MagneticField.proto: warning: Import quaternion.proto but not used.
[  6%] [34m[1mRunning C++ protocol buffer compiler on /home/robot/dd2419_ws/src/course_packages/sim_cf/crazyflie_gazebo/msgs/MotorSpeed.proto[0m
[  6%] [34m[1mRunning C++ protocol buffer compiler on /home/robot/dd2419_ws/src/course_packages/sim_cf/crazyflie_gazebo/msgs/NavSatFix.proto[0m
[  7%] [34m[1mRunning C++ protocol buffer compiler on /home/robot/dd2419_ws/src/course_packages/sim_cf/crazyflie_gazebo/msgs/Odometry.proto[0m
[  7%] [34m[1mRunning C++ protocol buffer compiler on /home/robot/dd2419_ws/src/course_packages/sim_cf/crazyflie_gazebo/msgs/OpticalFlow.proto[0m
[  8%] [34m[1mRunning C++ protocol buffer compiler on /home/robot/dd2419_ws/src/course_packages/sim_cf/crazyflie_gazebo/msgs/Point.proto[0m
[  8%] [34m[1mRunning C++ protocol buffer compiler on /home/robot/dd2419_ws/src/course_packages/sim_cf/crazyflie_gazebo/msgs/PointStamped.proto[0m
[  8%] [34m[1mRunning C++ protocol buffer compiler on /home/robot/dd2419_ws/src/course_packages/sim_cf/crazyflie_gazebo/msgs/PoseStamped.proto[0m
[  9%] [34m[1mRunning C++ protocol buffer compiler on /home/robot/dd2419_ws/src/course_packages/sim_cf/crazyflie_gazebo/msgs/PoseWithCovariance.proto[0m
[  9%] [34m[1mRunning C++ protocol buffer compiler on /home/robot/dd2419_ws/src/course_packages/sim_cf/crazyflie_gazebo/msgs/PoseWithCovarianceStamped.proto[0m
[ 10%] [34m[1mRunning C++ protocol buffer compiler on /home/robot/dd2419_ws/src/course_packages/sim_cf/crazyflie_gazebo/msgs/RollPitchYawrateThrust.proto[0m
[ 10%] [34m[1mRunning C++ protocol buffer compiler on /home/robot/dd2419_ws/src/course_packages/sim_cf/crazyflie_gazebo/msgs/SITLGps.proto[0m
[ 11%] [34m[1mRunning C++ protocol buffer compiler on /home/robot/dd2419_ws/src/course_packages/sim_cf/crazyflie_gazebo/msgs/Transform.proto[0m
[ 11%] [34m[1mRunning C++ protocol buffer compiler on /home/robot/dd2419_ws/src/course_packages/sim_cf/crazyflie_gazebo/msgs/TransformStamped.proto[0m
[ 12%] [34m[1mRunning C++ protocol buffer compiler on /home/robot/dd2419_ws/src/course_packages/sim_cf/crazyflie_gazebo/msgs/TransformStampedWithFrameIds.proto[0m
[ 12%] [34m[1mRunning C++ protocol buffer compiler on /home/robot/dd2419_ws/src/course_packages/sim_cf/crazyflie_gazebo/msgs/Twist.proto[0m
[ 12%] [34m[1mRunning C++ protocol buffer compiler on /home/robot/dd2419_ws/src/course_packages/sim_cf/crazyflie_gazebo/msgs/TwistStamped.proto[0m
[ 13%] [34m[1mRunning C++ protocol buffer compiler on /home/robot/dd2419_ws/src/course_packages/sim_cf/crazyflie_gazebo/msgs/TwistWithCovariance.proto[0m
[ 13%] [34m[1mRunning C++ protocol buffer compiler on /home/robot/dd2419_ws/src/course_packages/sim_cf/crazyflie_gazebo/msgs/Vector3dStamped.proto[0m
[ 14%] [34m[1mRunning C++ protocol buffer compiler on /home/robot/dd2419_ws/src/course_packages/sim_cf/crazyflie_gazebo/msgs/WindSpeed.proto[0m
[ 14%] [34m[1mRunning C++ protocol buffer compiler on /home/robot/dd2419_ws/src/course_packages/sim_cf/crazyflie_gazebo/msgs/Wrench.proto[0m
[ 15%] [34m[1mRunning C++ protocol buffer compiler on /home/robot/dd2419_ws/src/course_packages/sim_cf/crazyflie_gazebo/msgs/WrenchStamped.proto[0m
[35m[1mScanning dependencies of target mav_msgs[0m
[ 16%] [32mBuilding CXX object CMakeFiles/mav_msgs.dir/Actuators.pb.cc.o[0m
[35m[1mScanning dependencies of target _catkin_empty_exported_target[0m
[ 16%] Built target _catkin_empty_exported_target
[ 16%] [32mBuilding CXX object CMakeFiles/mav_msgs.dir/CommandMotorSpeed.pb.cc.o[0m
[ 16%] [32mBuilding CXX object CMakeFiles/mav_msgs.dir/ConnectGazeboToRosTopic.pb.cc.o[0m
[ 17%] [32mBuilding CXX object CMakeFiles/mav_msgs.dir/ConnectRosToGazeboTopic.pb.cc.o[0m
[ 17%] [32mBuilding CXX object CMakeFiles/mav_msgs.dir/Float32.pb.cc.o[0m
[ 18%] [32mBuilding CXX object CMakeFiles/mav_msgs.dir/FluidPressure.pb.cc.o[0m
[ 18%] [32mBuilding CXX object CMakeFiles/mav_msgs.dir/Groundtruth.pb.cc.o[0m
[ 20%] [32mBuilding CXX object CMakeFiles/mav_msgs.dir/Header.pb.cc.o[0m
[ 20%] [32mBuilding CXX object CMakeFiles/mav_msgs.dir/Imu.pb.cc.o[0m
[ 20%] [32mBuilding CXX object CMakeFiles/mav_msgs.dir/JointState.pb.cc.o[0m
[ 21%] [32mBuilding CXX object CMakeFiles/mav_msgs.dir/Lidar.pb.cc.o[0m
[ 21%] [32mBuilding CXX object CMakeFiles/mav_msgs.dir/MagneticField.pb.cc.o[0m
[ 22%] [32mBuilding CXX object CMakeFiles/mav_msgs.dir/MotorSpeed.pb.cc.o[0m
[ 22%] [32mBuilding CXX object CMakeFiles/mav_msgs.dir/NavSatFix.pb.cc.o[0m
[ 23%] [32mBuilding CXX object CMakeFiles/mav_msgs.dir/Odometry.pb.cc.o[0m
[ 23%] [32mBuilding CXX object CMakeFiles/mav_msgs.dir/OpticalFlow.pb.cc.o[0m
[ 24%] [32mBuilding CXX object CMakeFiles/mav_msgs.dir/Point.pb.cc.o[0m
[ 24%] [32mBuilding CXX object CMakeFiles/mav_msgs.dir/PointStamped.pb.cc.o[0m
[ 24%] [32mBuilding CXX object CMakeFiles/mav_msgs.dir/PoseStamped.pb.cc.o[0m
[ 25%] [32mBuilding CXX object CMakeFiles/mav_msgs.dir/PoseWithCovariance.pb.cc.o[0m
[ 25%] [32mBuilding CXX object CMakeFiles/mav_msgs.dir/PoseWithCovarianceStamped.pb.cc.o[0m
[ 26%] [32mBuilding CXX object CMakeFiles/mav_msgs.dir/RollPitchYawrateThrust.pb.cc.o[0m
[ 26%] [32mBuilding CXX object CMakeFiles/mav_msgs.dir/SITLGps.pb.cc.o[0m
[ 27%] [32mBuilding CXX object CMakeFiles/mav_msgs.dir/Transform.pb.cc.o[0m
[ 27%] [32mBuilding CXX object CMakeFiles/mav_msgs.dir/TransformStamped.pb.cc.o[0m
[ 27%] [32mBuilding CXX object CMakeFiles/mav_msgs.dir/TransformStampedWithFrameIds.pb.cc.o[0m
[ 28%] [32mBuilding CXX object CMakeFiles/mav_msgs.dir/Twist.pb.cc.o[0m
[ 28%] [32mBuilding CXX object CMakeFiles/mav_msgs.dir/TwistStamped.pb.cc.o[0m
[ 29%] [32mBuilding CXX object CMakeFiles/mav_msgs.dir/TwistWithCovariance.pb.cc.o[0m
[ 29%] [32mBuilding CXX object CMakeFiles/mav_msgs.dir/Vector3dStamped.pb.cc.o[0m
[ 30%] [32mBuilding CXX object CMakeFiles/mav_msgs.dir/WindSpeed.pb.cc.o[0m
[ 30%] [32mBuilding CXX object CMakeFiles/mav_msgs.dir/Wrench.pb.cc.o[0m
[ 31%] [32mBuilding CXX object CMakeFiles/mav_msgs.dir/WrenchStamped.pb.cc.o[0m
[ 31%] [32mBuilding CXX object CMakeFiles/mav_msgs.dir/sonarSens.pb.cc.o[0m
[35m[1mScanning dependencies of target crazyflie_comm[0m
[ 31%] [32mBuilding CXX object external/crazyflie_comm/CMakeFiles/crazyflie_comm.dir/src/USBDevice.cpp.o[0m
[35m[1mScanning dependencies of target rosgraph_msgs_generate_messages_eus[0m
[ 31%] Built target rosgraph_msgs_generate_messages_eus
[ 32%] [32mBuilding CXX object external/crazyflie_comm/CMakeFiles/crazyflie_comm.dir/src/Crazyradio.cpp.o[0m
[ 32%] [32mBuilding CXX object external/crazyflie_comm/CMakeFiles/crazyflie_comm.dir/src/CrazyflieUSB.cpp.o[0m
[ 32%] [32mBuilding CXX object external/crazyflie_comm/CMakeFiles/crazyflie_comm.dir/src/Crazyflie.cpp.o[0m
[ 32%] [32m[1mLinking CXX shared library /home/robot/dd2419_ws/devel/.private/crazyflie_gazebo/lib/libmav_msgs.so[0m
[ 33%] [32mBuilding CXX object external/crazyflie_comm/CMakeFiles/crazyflie_comm.dir/src/crtp.cpp.o[0m
[35m[1mScanning dependencies of target rosgraph_msgs_generate_messages_cpp[0m
[ 33%] Built target rosgraph_msgs_generate_messages_cpp
[35m[1mScanning dependencies of target geometry_msgs_generate_messages_eus[0m
[ 33%] Built target geometry_msgs_generate_messages_eus
[35m[1mScanning dependencies of target roscpp_generate_messages_cpp[0m
[ 33%] Built target roscpp_generate_messages_cpp
[35m[1mScanning dependencies of target sensor_msgs_generate_messages_nodejs[0m
[ 33%] Built target sensor_msgs_generate_messages_nodejs
[35m[1mScanning dependencies of target actionlib_generate_messages_cpp[0m
[ 33%] Built target actionlib_generate_messages_cpp
[35m[1mScanning dependencies of target std_srvs_generate_messages_cpp[0m
[ 33%] Built target std_srvs_generate_messages_cpp
[35m[1mScanning dependencies of target trajectory_msgs_generate_messages_cpp[0m
[ 33%] Built target trajectory_msgs_generate_messages_cpp
[35m[1mScanning dependencies of target rosgraph_msgs_generate_messages_lisp[0m
[ 33%] Built target rosgraph_msgs_generate_messages_lisp
[35m[1mScanning dependencies of target mav_msgs_generate_messages_py[0m
[ 33%] Built target mav_msgs_generate_messages_py
[35m[1mScanning dependencies of target sensor_msgs_generate_messages_eus[0m
[ 33%] Built target sensor_msgs_generate_messages_eus
[35m[1mScanning dependencies of target trajectory_msgs_generate_messages_lisp[0m
[ 33%] Built target trajectory_msgs_generate_messages_lisp
[35m[1mScanning dependencies of target actionlib_generate_messages_eus[0m
[ 33%] Built target actionlib_generate_messages_eus
[35m[1mScanning dependencies of target mav_msgs_generate_messages_eus[0m
[ 33%] Built target mav_msgs_generate_messages_eus
[35m[1mScanning dependencies of target trajectory_msgs_generate_messages_nodejs[0m
[ 33%] Built target trajectory_msgs_generate_messages_nodejs
[35m[1mScanning dependencies of target sensor_msgs_generate_messages_py[0m
[ 33%] Built target sensor_msgs_generate_messages_py
[35m[1mScanning dependencies of target tf_generate_messages_py[0m
[ 33%] Built target tf_generate_messages_py
[35m[1mScanning dependencies of target geometry_msgs_generate_messages_lisp[0m
[ 33%] Built target mav_msgs
[ 33%] Built target geometry_msgs_generate_messages_lisp
[35m[1mScanning dependencies of target trajectory_msgs_generate_messages_eus[0m
[35m[1mScanning dependencies of target roscpp_generate_messages_py[0m
[ 33%] Built target trajectory_msgs_generate_messages_eus
[ 33%] Built target roscpp_generate_messages_py
[35m[1mScanning dependencies of target sensor_msgs_generate_messages_lisp[0m
[ 33%] Built target sensor_msgs_generate_messages_lisp
[35m[1mScanning dependencies of target std_msgs_generate_messages_py[0m
[35m[1mScanning dependencies of target rosgraph_msgs_generate_messages_nodejs[0m
[ 33%] Built target std_msgs_generate_messages_py
[35m[1mScanning dependencies of target trajectory_msgs_generate_messages_py[0m
[ 33%] Built target rosgraph_msgs_generate_messages_nodejs
[ 33%] Built target trajectory_msgs_generate_messages_py
[35m[1mScanning dependencies of target std_srvs_generate_messages_eus[0m
[ 33%] Built target std_srvs_generate_messages_eus
[35m[1mScanning dependencies of target roscpp_generate_messages_lisp[0m
[ 33%] Built target roscpp_generate_messages_lisp
[35m[1mScanning dependencies of target geometry_msgs_generate_messages_nodejs[0m
[35m[1mScanning dependencies of target geometry_msgs_generate_messages_py[0m
[ 33%] Built target geometry_msgs_generate_messages_nodejs
[35m[1mScanning dependencies of target actionlib_msgs_generate_messages_py[0m
[ 33%] Built target geometry_msgs_generate_messages_py
[ 33%] Built target actionlib_msgs_generate_messages_py
[35m[1mScanning dependencies of target sensor_msgs_generate_messages_cpp[0m
[35m[1mScanning dependencies of target roscpp_generate_messages_nodejs[0m
[ 33%] Built target sensor_msgs_generate_messages_cpp
[ 33%] Built target roscpp_generate_messages_nodejs
[35m[1mScanning dependencies of target std_msgs_generate_messages_lisp[0m
[35m[1mScanning dependencies of target std_msgs_generate_messages_nodejs[0m
[ 33%] Built target std_msgs_generate_messages_lisp
[ 33%] Built target std_msgs_generate_messages_nodejs
[35m[1mScanning dependencies of target std_srvs_generate_messages_lisp[0m
[35m[1mScanning dependencies of target std_srvs_generate_messages_nodejs[0m
[ 33%] Built target std_srvs_generate_messages_lisp
[ 33%] Built target std_srvs_generate_messages_nodejs
[35m[1mScanning dependencies of target actionlib_generate_messages_lisp[0m
[35m[1mScanning dependencies of target std_srvs_generate_messages_py[0m
[ 33%] Built target actionlib_generate_messages_lisp
[ 33%] Built target std_srvs_generate_messages_py
[35m[1mScanning dependencies of target actionlib_msgs_generate_messages_cpp[0m
[35m[1mScanning dependencies of target tf_generate_messages_eus[0m
[ 33%] Built target actionlib_msgs_generate_messages_cpp
[ 33%] Built target tf_generate_messages_eus
[35m[1mScanning dependencies of target mav_msgs_generate_messages_lisp[0m
[35m[1mScanning dependencies of target tf_generate_messages_lisp[0m
[ 33%] Built target mav_msgs_generate_messages_lisp
[ 33%] Built target tf_generate_messages_lisp
[35m[1mScanning dependencies of target tf_generate_messages_nodejs[0m
[35m[1mScanning dependencies of target tf_generate_messages_cpp[0m
[ 33%] Built target tf_generate_messages_nodejs
[ 33%] Built target tf_generate_messages_cpp
[35m[1mScanning dependencies of target actionlib_generate_messages_nodejs[0m
[35m[1mScanning dependencies of target mav_msgs_generate_messages_nodejs[0m
[ 33%] Built target actionlib_generate_messages_nodejs
[ 33%] Built target mav_msgs_generate_messages_nodejs
[35m[1mScanning dependencies of target roscpp_generate_messages_eus[0m
[35m[1mScanning dependencies of target rosgraph_msgs_generate_messages_py[0m
[ 33%] Built target roscpp_generate_messages_eus
[ 33%] Built target rosgraph_msgs_generate_messages_py
[35m[1mScanning dependencies of target actionlib_msgs_generate_messages_eus[0m
[35m[1mScanning dependencies of target mav_msgs_generate_messages_cpp[0m
[ 33%] Built target actionlib_msgs_generate_messages_eus
[ 33%] Built target mav_msgs_generate_messages_cpp
[35m[1mScanning dependencies of target actionlib_msgs_generate_messages_lisp[0m
[35m[1mScanning dependencies of target actionlib_msgs_generate_messages_nodejs[0m
[ 33%] Built target actionlib_msgs_generate_messages_lisp
[ 33%] Built target actionlib_msgs_generate_messages_nodejs
[35m[1mScanning dependencies of target tf2_msgs_generate_messages_cpp[0m
[35m[1mScanning dependencies of target tf2_msgs_generate_messages_eus[0m
[ 33%] Built target tf2_msgs_generate_messages_cpp
[ 33%] Built target tf2_msgs_generate_messages_eus
[35m[1mScanning dependencies of target tf2_msgs_generate_messages_lisp[0m
[35m[1mScanning dependencies of target actionlib_generate_messages_py[0m
[ 33%] Built target tf2_msgs_generate_messages_lisp
[ 33%] Built target actionlib_generate_messages_py
[35m[1mScanning dependencies of target tf2_msgs_generate_messages_py[0m
[35m[1mScanning dependencies of target tf2_msgs_generate_messages_nodejs[0m
[ 33%] Built target tf2_msgs_generate_messages_py
[ 33%] Built target tf2_msgs_generate_messages_nodejs
[35m[1mScanning dependencies of target std_msgs_generate_messages_eus[0m
[35m[1mScanning dependencies of target gazebo_gps_plugin[0m
[ 33%] Built target std_msgs_generate_messages_eus
[35m[1mScanning dependencies of target gazebo_sonar_plugin[0m
[ 33%] [32mBuilding CXX object CMakeFiles/gazebo_gps_plugin.dir/src/gazebo_gps_plugin.cpp.o[0m
[ 33%] [32mBuilding CXX object CMakeFiles/gazebo_sonar_plugin.dir/src/gazebo_sonar_plugin.cpp.o[0m
[ 33%] [32m[1mLinking CXX shared library /home/robot/dd2419_ws/devel/.private/crazyflie_gazebo/lib/libcrazyflie_comm.so[0m
[ 33%] Built target crazyflie_comm
[35m[1mScanning dependencies of target rotors_gazebo_pressure_plugin[0m
[ 33%] [32mBuilding CXX object CMakeFiles/rotors_gazebo_pressure_plugin.dir/src/gazebo_pressure_plugin.cpp.o[0m
[ 33%] [32m[1mLinking CXX shared library /home/robot/dd2419_ws/devel/.private/crazyflie_gazebo/lib/libgazebo_sonar_plugin.so[0m
[ 33%] Built target gazebo_sonar_plugin
[35m[1mScanning dependencies of target rotors_gazebo_controller_interface[0m
[ 34%] [32m[1mLinking CXX shared library /home/robot/dd2419_ws/devel/.private/crazyflie_gazebo/lib/librotors_gazebo_pressure_plugin.so[0m
[ 35%] [32m[1mLinking CXX shared library /home/robot/dd2419_ws/devel/.private/crazyflie_gazebo/lib/libgazebo_gps_plugin.so[0m
[ 35%] [32mBuilding CXX object CMakeFiles/rotors_gazebo_controller_interface.dir/src/gazebo_controller_interface.cpp.o[0m
[ 35%] Built target gazebo_gps_plugin
[35m[1mScanning dependencies of target rotors_gazebo_lps_plugin[0m
[ 35%] Built target rotors_gazebo_pressure_plugin
[ 35%] [32mBuilding CXX object CMakeFiles/rotors_gazebo_lps_plugin.dir/src/gazebo_lps_plugin.cpp.o[0m
[35m[1mScanning dependencies of target rotors_gazebo_imu_plugin[0m
[ 35%] [32mBuilding CXX object CMakeFiles/rotors_gazebo_imu_plugin.dir/src/gazebo_imu_plugin.cpp.o[0m
[ 36%] [32m[1mLinking CXX shared library /home/robot/dd2419_ws/devel/.private/crazyflie_gazebo/lib/librotors_gazebo_controller_interface.so[0m
[ 36%] Built target rotors_gazebo_controller_interface
[35m[1mScanning dependencies of target models_gen[0m
[ 37%] Built target models_gen
[ 38%] [32m[1mLinking CXX shared library /home/robot/dd2419_ws/devel/.private/crazyflie_gazebo/lib/librotors_gazebo_imu_plugin.so[0m
[ 38%] [32m[1mLinking CXX shared library /home/robot/dd2419_ws/devel/.private/crazyflie_gazebo/lib/librotors_gazebo_lps_plugin.so[0m
[ 38%] Built target rotors_gazebo_imu_plugin
[35m[1mScanning dependencies of target cfHandler_sf[0m
[ 40%] Built target cfHandler_sf
[35m[1mScanning dependencies of target rotors_gazebo_multirotor_base_plugin[0m
[ 40%] Built target rotors_gazebo_lps_plugin
[35m[1mScanning dependencies of target rotors_gazebo_wind_plugin[0m
[ 41%] [32mBuilding CXX object CMakeFiles/rotors_gazebo_multirotor_base_plugin.dir/src/gazebo_multirotor_base_plugin.cpp.o[0m
[ 41%] [32mBuilding CXX object CMakeFiles/rotors_gazebo_wind_plugin.dir/src/gazebo_wind_plugin.cpp.o[0m
[35m[1mScanning dependencies of target crazyflie_sf[0m
[ 41%] Built target crazyflie_sf
[35m[1mScanning dependencies of target LiftDragPlugin[0m
[ 41%] [32mBuilding CXX object CMakeFiles/LiftDragPlugin.dir/src/liftdrag_plugin/liftdrag_plugin.cpp.o[0m
[35m[1mScanning dependencies of target crazyflie_ghost_sf[0m
[ 42%] Built target crazyflie_ghost_sf
[35m[1mScanning dependencies of target rotors_gazebo_odometry_plugin[0m
[ 43%] [32mBuilding CXX object CMakeFiles/rotors_gazebo_odometry_plugin.dir/src/gazebo_odometry_plugin.cpp.o[0m
[ 43%] [32m[1mLinking CXX shared library /home/robot/dd2419_ws/devel/.private/crazyflie_gazebo/lib/librotors_gazebo_multirotor_base_plugin.so[0m
[ 44%] [32m[1mLinking CXX shared library /home/robot/dd2419_ws/devel/.private/crazyflie_gazebo/lib/librotors_gazebo_wind_plugin.so[0m
[ 44%] Built target rotors_gazebo_multirotor_base_plugin
[35m[1mScanning dependencies of target rotors_gazebo_motor_model[0m
[ 45%] [32mBuilding CXX object CMakeFiles/rotors_gazebo_motor_model.dir/src/gazebo_motor_model.cpp.o[0m
[ 45%] Built target rotors_gazebo_wind_plugin
[35m[1mScanning dependencies of target rotors_gazebo_magnetometer_plugin[0m
[ 46%] [32mBuilding CXX object CMakeFiles/rotors_gazebo_magnetometer_plugin.dir/src/gazebo_magnetometer_plugin.cpp.o[0m
[ 46%] [32m[1mLinking CXX shared library /home/robot/dd2419_ws/devel/.private/crazyflie_gazebo/lib/libLiftDragPlugin.so[0m
[ 46%] Built target LiftDragPlugin
[35m[1mScanning dependencies of target crazyflie_gazebo_generate_messages_nodejs[0m
[ 46%] [34m[1mGenerating Javascript code from crazyflie_gazebo/Hover.msg[0m
[ 47%] [34m[1mGenerating Javascript code from crazyflie_gazebo/Position.msg[0m
[ 47%] [34m[1mGenerating Javascript code from crazyflie_gazebo/TrajectoryPolynomialPiece.msg[0m
[ 48%] [34m[1mGenerating Javascript code from crazyflie_gazebo/FullState.msg[0m
[ 48%] [34m[1mGenerating Javascript code from crazyflie_gazebo/crtpPacket.msg[0m
[ 48%] [34m[1mGenerating Javascript code from crazyflie_gazebo/LogBlock.msg[0m
[ 49%] [34m[1mGenerating Javascript code from crazyflie_gazebo/WindSpeed.msg[0m
[ 49%] [34m[1mGenerating Javascript code from crazyflie_gazebo/GenericLogData.msg[0m
[ 50%] [34m[1mGenerating Javascript code from crazyflie_gazebo/RemoveCrazyflie.srv[0m
[ 50%] [34m[1mGenerating Javascript code from crazyflie_gazebo/Takeoff.srv[0m
[ 51%] [34m[1mGenerating Javascript code from crazyflie_gazebo/UpdateParams.srv[0m
[ 51%] [34m[1mGenerating Javascript code from crazyflie_gazebo/StartTrajectory.srv[0m
[ 51%] [34m[1mGenerating Javascript code from crazyflie_gazebo/Land.srv[0m
[ 52%] [34m[1mGenerating Javascript code from crazyflie_gazebo/Stop.srv[0m
[ 52%] [34m[1mGenerating Javascript code from crazyflie_gazebo/sendPacket.srv[0m
[ 53%] [34m[1mGenerating Javascript code from crazyflie_gazebo/SetGroupMask.srv[0m
[ 53%] [32m[1mLinking CXX shared library /home/robot/dd2419_ws/devel/.private/crazyflie_gazebo/lib/librotors_gazebo_odometry_plugin.so[0m
[ 53%] [34m[1mGenerating Javascript code from crazyflie_gazebo/GoTo.srv[0m
[ 54%] [34m[1mGenerating Javascript code from crazyflie_gazebo/AddCrazyflie.srv[0m
[ 54%] [34m[1mGenerating Javascript code from crazyflie_gazebo/UploadTrajectory.srv[0m
[ 54%] Built target crazyflie_gazebo_generate_messages_nodejs
[35m[1mScanning dependencies of target crazyflie_gazebo_generate_messages_py[0m
[ 55%] [34m[1mGenerating Python from MSG crazyflie_gazebo/Hover[0m
[ 55%] [34m[1mGenerating Python from MSG crazyflie_gazebo/Position[0m
[ 55%] [34m[1mGenerating Python from MSG crazyflie_gazebo/TrajectoryPolynomialPiece[0m
[ 56%] [34m[1mGenerating Python from MSG crazyflie_gazebo/FullState[0m
[ 56%] [34m[1mGenerating Python from MSG crazyflie_gazebo/crtpPacket[0m
[ 57%] [34m[1mGenerating Python from MSG crazyflie_gazebo/LogBlock[0m
[ 57%] [34m[1mGenerating Python from MSG crazyflie_gazebo/WindSpeed[0m
[ 57%] [32m[1mLinking CXX shared library /home/robot/dd2419_ws/devel/.private/crazyflie_gazebo/lib/librotors_gazebo_magnetometer_plugin.so[0m
[ 58%] [34m[1mGenerating Python from MSG crazyflie_gazebo/GenericLogData[0m
[ 58%] [34m[1mGenerating Python code from SRV crazyflie_gazebo/RemoveCrazyflie[0m
[ 58%] Built target rotors_gazebo_odometry_plugin
[35m[1mScanning dependencies of target crazyflie_gazebo_generate_messages_eus[0m
[ 58%] [34m[1mGenerating EusLisp code from crazyflie_gazebo/Hover.msg[0m
[ 58%] [34m[1mGenerating Python code from SRV crazyflie_gazebo/Takeoff[0m
[ 60%] [34m[1mGenerating EusLisp code from crazyflie_gazebo/Position.msg[0m
[ 60%] [34m[1mGenerating EusLisp code from crazyflie_gazebo/TrajectoryPolynomialPiece.msg[0m
[ 61%] [34m[1mGenerating Python code from SRV crazyflie_gazebo/UpdateParams[0m
[ 61%] [34m[1mGenerating EusLisp code from crazyflie_gazebo/FullState.msg[0m
[ 62%] [34m[1mGenerating EusLisp code from crazyflie_gazebo/crtpPacket.msg[0m
[ 62%] [34m[1mGenerating Python code from SRV crazyflie_gazebo/StartTrajectory[0m
[ 62%] [34m[1mGenerating EusLisp code from crazyflie_gazebo/LogBlock.msg[0m
[ 62%] [32m[1mLinking CXX shared library /home/robot/dd2419_ws/devel/.private/crazyflie_gazebo/lib/librotors_gazebo_motor_model.so[0m
[ 63%] [34m[1mGenerating Python code from SRV crazyflie_gazebo/Land[0m
[ 64%] [34m[1mGenerating EusLisp code from crazyflie_gazebo/WindSpeed.msg[0m
[ 64%] [34m[1mGenerating EusLisp code from crazyflie_gazebo/GenericLogData.msg[0m
[ 64%] [34m[1mGenerating Python code from SRV crazyflie_gazebo/Stop[0m
[ 65%] [34m[1mGenerating EusLisp code from crazyflie_gazebo/RemoveCrazyflie.srv[0m
[ 65%] [34m[1mGenerating EusLisp code from crazyflie_gazebo/Takeoff.srv[0m
[ 66%] [34m[1mGenerating Python code from SRV crazyflie_gazebo/sendPacket[0m
[ 66%] [34m[1mGenerating EusLisp code from crazyflie_gazebo/UpdateParams.srv[0m
[ 66%] [34m[1mGenerating Python code from SRV crazyflie_gazebo/SetGroupMask[0m
[ 67%] [34m[1mGenerating EusLisp code from crazyflie_gazebo/StartTrajectory.srv[0m
[ 67%] Built target rotors_gazebo_magnetometer_plugin
[35m[1mScanning dependencies of target crazyflie_gazebo_generate_messages_lisp[0m
[ 68%] [34m[1mGenerating Lisp code from crazyflie_gazebo/Hover.msg[0m
[ 68%] [34m[1mGenerating EusLisp code from crazyflie_gazebo/Land.srv[0m
[ 68%] [34m[1mGenerating Lisp code from crazyflie_gazebo/Position.msg[0m
[ 69%] [34m[1mGenerating Python code from SRV crazyflie_gazebo/GoTo[0m
[ 70%] [34m[1mGenerating Lisp code from crazyflie_gazebo/TrajectoryPolynomialPiece.msg[0m
[ 71%] [34m[1mGenerating EusLisp code from crazyflie_gazebo/Stop.srv[0m
[ 71%] [34m[1mGenerating Lisp code from crazyflie_gazebo/FullState.msg[0m
[ 71%] [34m[1mGenerating Python code from SRV crazyflie_gazebo/AddCrazyflie[0m
[ 72%] [34m[1mGenerating Lisp code from crazyflie_gazebo/crtpPacket.msg[0m
[ 72%] [34m[1mGenerating EusLisp code from crazyflie_gazebo/sendPacket.srv[0m
[ 72%] [34m[1mGenerating Lisp code from crazyflie_gazebo/LogBlock.msg[0m
[ 73%] [34m[1mGenerating EusLisp code from crazyflie_gazebo/SetGroupMask.srv[0m
[ 74%] [34m[1mGenerating Lisp code from crazyflie_gazebo/WindSpeed.msg[0m
[ 74%] [34m[1mGenerating Python code from SRV crazyflie_gazebo/UploadTrajectory[0m
[ 74%] [34m[1mGenerating Lisp code from crazyflie_gazebo/GenericLogData.msg[0m
[ 74%] [34m[1mGenerating EusLisp code from crazyflie_gazebo/GoTo.srv[0m
[ 74%] [34m[1mGenerating Lisp code from crazyflie_gazebo/RemoveCrazyflie.srv[0m
[ 75%] [34m[1mGenerating Python msg __init__.py for crazyflie_gazebo[0m
[ 76%] [34m[1mGenerating Lisp code from crazyflie_gazebo/Takeoff.srv[0m
[ 77%] [34m[1mGenerating EusLisp code from crazyflie_gazebo/AddCrazyflie.srv[0m
[ 77%] [34m[1mGenerating Lisp code from crazyflie_gazebo/UpdateParams.srv[0m
[ 78%] [34m[1mGenerating Lisp code from crazyflie_gazebo/StartTrajectory.srv[0m
[ 78%] [34m[1mGenerating Python srv __init__.py for crazyflie_gazebo[0m
[ 78%] [34m[1mGenerating EusLisp code from crazyflie_gazebo/UploadTrajectory.srv[0m
[ 78%] [34m[1mGenerating Lisp code from crazyflie_gazebo/Land.srv[0m
[ 78%] [34m[1mGenerating EusLisp manifest code for crazyflie_gazebo[0m
[ 80%] [34m[1mGenerating Lisp code from crazyflie_gazebo/Stop.srv[0m
[ 80%] Built target rotors_gazebo_motor_model
[ 80%] Built target crazyflie_gazebo_generate_messages_py
[ 80%] [34m[1mGenerating Lisp code from crazyflie_gazebo/sendPacket.srv[0m
[35m[1mScanning dependencies of target crazyflie_gazebo_generate_messages_cpp[0m
[ 81%] [34m[1mGenerating C++ code from crazyflie_gazebo/Hover.msg[0m
[35m[1mScanning dependencies of target gazebo_cfGhost_plugin[0m
[ 81%] [34m[1mGenerating Lisp code from crazyflie_gazebo/SetGroupMask.srv[0m
[ 82%] [34m[1mGenerating Lisp code from crazyflie_gazebo/GoTo.srv[0m
[ 82%] [34m[1mGenerating Lisp code from crazyflie_gazebo/AddCrazyflie.srv[0m
[ 82%] [32mBuilding CXX object CMakeFiles/gazebo_cfGhost_plugin.dir/src/gazebo_cfGhost_plugin.cpp.o[0m
[ 82%] [34m[1mGenerating C++ code from crazyflie_gazebo/Position.msg[0m
[ 83%] [34m[1mGenerating Lisp code from crazyflie_gazebo/UploadTrajectory.srv[0m
[ 83%] Built target crazyflie_gazebo_generate_messages_lisp
[ 84%] [34m[1mGenerating C++ code from crazyflie_gazebo/TrajectoryPolynomialPiece.msg[0m
[ 84%] [34m[1mGenerating C++ code from crazyflie_gazebo/FullState.msg[0m
[ 85%] [34m[1mGenerating C++ code from crazyflie_gazebo/crtpPacket.msg[0m
[ 85%] [34m[1mGenerating C++ code from crazyflie_gazebo/LogBlock.msg[0m
[ 85%] [34m[1mGenerating C++ code from crazyflie_gazebo/WindSpeed.msg[0m
[ 85%] Built target crazyflie_gazebo_generate_messages_eus
[ 86%] [34m[1mGenerating C++ code from crazyflie_gazebo/GenericLogData.msg[0m
[ 86%] [34m[1mGenerating C++ code from crazyflie_gazebo/RemoveCrazyflie.srv[0m
[ 87%] [34m[1mGenerating C++ code from crazyflie_gazebo/Takeoff.srv[0m
[ 87%] [34m[1mGenerating C++ code from crazyflie_gazebo/UpdateParams.srv[0m
[ 88%] [34m[1mGenerating C++ code from crazyflie_gazebo/StartTrajectory.srv[0m
[ 88%] [34m[1mGenerating C++ code from crazyflie_gazebo/Land.srv[0m
[ 88%] [34m[1mGenerating C++ code from crazyflie_gazebo/Stop.srv[0m
[ 89%] [34m[1mGenerating C++ code from crazyflie_gazebo/sendPacket.srv[0m
[ 89%] [34m[1mGenerating C++ code from crazyflie_gazebo/SetGroupMask.srv[0m
[ 90%] [34m[1mGenerating C++ code from crazyflie_gazebo/GoTo.srv[0m
[ 90%] [34m[1mGenerating C++ code from crazyflie_gazebo/AddCrazyflie.srv[0m
[ 91%] [34m[1mGenerating C++ code from crazyflie_gazebo/UploadTrajectory.srv[0m
[ 91%] Built target crazyflie_gazebo_generate_messages_cpp
[35m[1mScanning dependencies of target joy_control_node[0m
[ 92%] [32mBuilding CXX object CMakeFiles/joy_control_node.dir/src/crazyflie_ros/joy_control.cpp.o[0m
[35m[1mScanning dependencies of target crazyflie_ros[0m
[ 92%] [32mBuilding CXX object CMakeFiles/crazyflie_ros.dir/src/crazyflie_ros/CrazyflieROS.cpp.o[0m
[35m[1mScanning dependencies of target test_cf[0m
[ 92%] [32mBuilding CXX object CMakeFiles/test_cf.dir/src/crazyflie_ros/test_cf.cpp.o[0m
[ 92%] [32m[1mLinking CXX executable /home/robot/dd2419_ws/devel/.private/crazyflie_gazebo/lib/crazyflie_gazebo/joy_control_node[0m
[ 92%] Built target joy_control_node
[35m[1mScanning dependencies of target crazyflie_add[0m
[ 92%] [32mBuilding CXX object CMakeFiles/crazyflie_add.dir/src/crazyflie_ros/crazyflie_add.cpp.o[0m
[ 93%] [32m[1mLinking CXX executable /home/robot/dd2419_ws/devel/.private/crazyflie_gazebo/lib/crazyflie_gazebo/test_cf[0m
[ 93%] Built target test_cf
[35m[1mScanning dependencies of target rotors_gazebo_ros_interface_plugin[0m
[ 93%] [32mBuilding CXX object CMakeFiles/rotors_gazebo_ros_interface_plugin.dir/src/gazebo_ros_interface_plugin.cpp.o[0m
[ 94%] [32m[1mLinking CXX executable /home/robot/dd2419_ws/devel/.private/crazyflie_gazebo/lib/crazyflie_gazebo/crazyflie_add[0m
[ 94%] Built target crazyflie_add
[ 95%] [32m[1mLinking CXX shared library /home/robot/dd2419_ws/devel/.private/crazyflie_gazebo/lib/libgazebo_cfGhost_plugin.so[0m
[35m[1mScanning dependencies of target crazyflie_gazebo_generate_messages[0m
[ 95%] Built target crazyflie_gazebo_generate_messages
[ 95%] Built target gazebo_cfGhost_plugin
[ 96%] [32m[1mLinking CXX shared library /home/robot/dd2419_ws/devel/.private/crazyflie_gazebo/lib/libcrazyflie_ros.so[0m
[ 96%] Built target crazyflie_ros
[35m[1mScanning dependencies of target gazebo_cfHandler_plugin[0m
[35m[1mScanning dependencies of target crazyflie_server[0m
[ 96%] [32mBuilding CXX object CMakeFiles/crazyflie_server.dir/src/crazyflie_ros/crazyflie_server.cpp.o[0m
[ 96%] [32mBuilding CXX object CMakeFiles/gazebo_cfHandler_plugin.dir/src/gazebo_cfHandler_plugin.cpp.o[0m
[ 97%] [32m[1mLinking CXX executable /home/robot/dd2419_ws/devel/.private/crazyflie_gazebo/lib/crazyflie_gazebo/crazyflie_server[0m
[ 97%] Built target crazyflie_server
[ 98%] [32m[1mLinking CXX shared library /home/robot/dd2419_ws/devel/.private/crazyflie_gazebo/lib/librotors_gazebo_ros_interface_plugin.so[0m
[100%] [32m[1mLinking CXX shared library /home/robot/dd2419_ws/devel/.private/crazyflie_gazebo/lib/libgazebo_cfHandler_plugin.so[0m
[100%] Built target rotors_gazebo_ros_interface_plugin
[100%] Built target gazebo_cfHandler_plugin
