Determining if the pthread_create exist failed with the following output:
Change Dir: /home/robot/dd2419_ws/build/aruco_ros/CMakeFiles/CMakeTmp

Run Build Command:"/usr/bin/make" "cmTC_bcf7a/fast"
/usr/bin/make -f CMakeFiles/cmTC_bcf7a.dir/build.make CMakeFiles/cmTC_bcf7a.dir/build
make[1]: Entering directory '/home/robot/dd2419_ws/build/aruco_ros/CMakeFiles/CMakeTmp'
Building C object CMakeFiles/cmTC_bcf7a.dir/CheckSymbolExists.c.o
/usr/bin/cc    -o CMakeFiles/cmTC_bcf7a.dir/CheckSymbolExists.c.o   -c /home/robot/dd2419_ws/build/aruco_ros/CMakeFiles/CMakeTmp/CheckSymbolExists.c
Linking C executable cmTC_bcf7a
/usr/bin/cmake -E cmake_link_script CMakeFiles/cmTC_bcf7a.dir/link.txt --verbose=1
/usr/bin/cc      -rdynamic CMakeFiles/cmTC_bcf7a.dir/CheckSymbolExists.c.o  -o cmTC_bcf7a 
CMakeFiles/cmTC_bcf7a.dir/CheckSymbolExists.c.o: In function `main':
CheckSymbolExists.c:(.text+0x1b): undefined reference to `pthread_create'
collect2: error: ld returned 1 exit status
CMakeFiles/cmTC_bcf7a.dir/build.make:97: recipe for target 'cmTC_bcf7a' failed
make[1]: *** [cmTC_bcf7a] Error 1
make[1]: Leaving directory '/home/robot/dd2419_ws/build/aruco_ros/CMakeFiles/CMakeTmp'
Makefile:126: recipe for target 'cmTC_bcf7a/fast' failed
make: *** [cmTC_bcf7a/fast] Error 2

File /home/robot/dd2419_ws/build/aruco_ros/CMakeFiles/CMakeTmp/CheckSymbolExists.c:
/* */
#include <pthread.h>

int main(int argc, char** argv)
{
  (void)argv;
#ifndef pthread_create
  return ((int*)(&pthread_create))[argc];
#else
  (void)argc;
  return 0;
#endif
}

Determining if the function pthread_create exists in the pthreads failed with the following output:
Change Dir: /home/robot/dd2419_ws/build/aruco_ros/CMakeFiles/CMakeTmp

Run Build Command:"/usr/bin/make" "cmTC_f69ab/fast"
/usr/bin/make -f CMakeFiles/cmTC_f69ab.dir/build.make CMakeFiles/cmTC_f69ab.dir/build
make[1]: Entering directory '/home/robot/dd2419_ws/build/aruco_ros/CMakeFiles/CMakeTmp'
Building C object CMakeFiles/cmTC_f69ab.dir/CheckFunctionExists.c.o
/usr/bin/cc   -DCHECK_FUNCTION_EXISTS=pthread_create   -o CMakeFiles/cmTC_f69ab.dir/CheckFunctionExists.c.o   -c /usr/share/cmake-3.10/Modules/CheckFunctionExists.c
Linking C executable cmTC_f69ab
/usr/bin/cmake -E cmake_link_script CMakeFiles/cmTC_f69ab.dir/link.txt --verbose=1
/usr/bin/cc  -DCHECK_FUNCTION_EXISTS=pthread_create    -rdynamic CMakeFiles/cmTC_f69ab.dir/CheckFunctionExists.c.o  -o cmTC_f69ab -lpthreads 
/usr/bin/ld: cannot find -lpthreads
collect2: error: ld returned 1 exit status
CMakeFiles/cmTC_f69ab.dir/build.make:97: recipe for target 'cmTC_f69ab' failed
make[1]: *** [cmTC_f69ab] Error 1
make[1]: Leaving directory '/home/robot/dd2419_ws/build/aruco_ros/CMakeFiles/CMakeTmp'
Makefile:126: recipe for target 'cmTC_f69ab/fast' failed
make: *** [cmTC_f69ab/fast] Error 2


