Determining if the pthread_create exist failed with the following output:
Change Dir: /home/robot/dd2419_ws/build/dd2419_launch/CMakeFiles/CMakeTmp

Run Build Command:"/usr/bin/make" "cmTC_58579/fast"
/usr/bin/make -f CMakeFiles/cmTC_58579.dir/build.make CMakeFiles/cmTC_58579.dir/build
make[1]: Entering directory '/home/robot/dd2419_ws/build/dd2419_launch/CMakeFiles/CMakeTmp'
Building C object CMakeFiles/cmTC_58579.dir/CheckSymbolExists.c.o
/usr/bin/cc    -o CMakeFiles/cmTC_58579.dir/CheckSymbolExists.c.o   -c /home/robot/dd2419_ws/build/dd2419_launch/CMakeFiles/CMakeTmp/CheckSymbolExists.c
Linking C executable cmTC_58579
/usr/bin/cmake -E cmake_link_script CMakeFiles/cmTC_58579.dir/link.txt --verbose=1
/usr/bin/cc      -rdynamic CMakeFiles/cmTC_58579.dir/CheckSymbolExists.c.o  -o cmTC_58579 
CMakeFiles/cmTC_58579.dir/CheckSymbolExists.c.o: In function `main':
CheckSymbolExists.c:(.text+0x1b): undefined reference to `pthread_create'
collect2: error: ld returned 1 exit status
CMakeFiles/cmTC_58579.dir/build.make:97: recipe for target 'cmTC_58579' failed
make[1]: *** [cmTC_58579] Error 1
make[1]: Leaving directory '/home/robot/dd2419_ws/build/dd2419_launch/CMakeFiles/CMakeTmp'
Makefile:126: recipe for target 'cmTC_58579/fast' failed
make: *** [cmTC_58579/fast] Error 2

File /home/robot/dd2419_ws/build/dd2419_launch/CMakeFiles/CMakeTmp/CheckSymbolExists.c:
/* */
#include <pthread.h>

int main(int argc, char** argv)
{
  (void)argv;
#ifndef pthread_create
  return ((int*)(&pthread_create))[argc];
#else
  (void)argc;
  return 0;
#endif
}

Determining if the function pthread_create exists in the pthreads failed with the following output:
Change Dir: /home/robot/dd2419_ws/build/dd2419_launch/CMakeFiles/CMakeTmp

Run Build Command:"/usr/bin/make" "cmTC_c927a/fast"
/usr/bin/make -f CMakeFiles/cmTC_c927a.dir/build.make CMakeFiles/cmTC_c927a.dir/build
make[1]: Entering directory '/home/robot/dd2419_ws/build/dd2419_launch/CMakeFiles/CMakeTmp'
Building C object CMakeFiles/cmTC_c927a.dir/CheckFunctionExists.c.o
/usr/bin/cc   -DCHECK_FUNCTION_EXISTS=pthread_create   -o CMakeFiles/cmTC_c927a.dir/CheckFunctionExists.c.o   -c /usr/share/cmake-3.10/Modules/CheckFunctionExists.c
Linking C executable cmTC_c927a
/usr/bin/cmake -E cmake_link_script CMakeFiles/cmTC_c927a.dir/link.txt --verbose=1
/usr/bin/cc  -DCHECK_FUNCTION_EXISTS=pthread_create    -rdynamic CMakeFiles/cmTC_c927a.dir/CheckFunctionExists.c.o  -o cmTC_c927a -lpthreads 
/usr/bin/ld: cannot find -lpthreads
collect2: error: ld returned 1 exit status
CMakeFiles/cmTC_c927a.dir/build.make:97: recipe for target 'cmTC_c927a' failed
make[1]: *** [cmTC_c927a] Error 1
make[1]: Leaving directory '/home/robot/dd2419_ws/build/dd2419_launch/CMakeFiles/CMakeTmp'
Makefile:126: recipe for target 'cmTC_c927a/fast' failed
make: *** [cmTC_c927a/fast] Error 2


